{"/Users/ss/Documents/projects/taxmaro-front-end-assessment/app/app.vue": {"path":"/Users/ss/Documents/projects/taxmaro-front-end-assessment/app/app.vue","statementMap":{},"fnMap":{},"branchMap":{},"s":{},"f":{},"b":{},"meta":{"lastBranch":0,"lastFunction":0,"lastStatement":0,"seen":{}}}
,"/Users/ss/Documents/projects/taxmaro-front-end-assessment/app/components/BankDataForm.vue": {"path":"/Users/ss/Documents/projects/taxmaro-front-end-assessment/app/components/BankDataForm.vue","statementMap":{"0":{"start":{"line":133,"column":14},"end":{"line":133,"column":null}},"1":{"start":{"line":142,"column":13},"end":{"line":142,"column":null}},"2":{"start":{"line":147,"column":6},"end":{"line":147,"column":null}},"3":{"start":{"line":152,"column":6},"end":{"line":152,"column":null}},"4":{"start":{"line":152,"column":29},"end":{"line":152,"column":40}},"5":{"start":{"line":157,"column":6},"end":{"line":157,"column":null}},"6":{"start":{"line":157,"column":31},"end":{"line":157,"column":44}},"7":{"start":{"line":162,"column":6},"end":{"line":162,"column":null}},"8":{"start":{"line":162,"column":33},"end":{"line":162,"column":48}},"9":{"start":{"line":167,"column":6},"end":{"line":169,"column":null}},"10":{"start":{"line":168,"column":9},"end":{"line":168,"column":null}},"11":{"start":{"line":175,"column":2},"end":{"line":180,"column":null}},"12":{"start":{"line":187,"column":2},"end":{"line":187,"column":null}},"13":{"start":{"line":3,"column":21},"end":{"line":3,"column":33}},"14":{"start":{"line":11,"column":26},"end":{"line":11,"column":null}},"15":{"start":{"line":12,"column":16},"end":{"line":12,"column":24}},"16":{"start":{"line":19,"column":26},"end":{"line":19,"column":null}},"17":{"start":{"line":12,"column":24},"end":{"line":12,"column":24}},"18":{"start":{"line":20,"column":32},"end":{"line":20,"column":null}},"19":{"start":{"line":31,"column":23},"end":{"line":31,"column":null}},"20":{"start":{"line":34,"column":33},"end":{"line":34,"column":null}},"21":{"start":{"line":40,"column":23},"end":{"line":40,"column":null}},"22":{"start":{"line":44,"column":33},"end":{"line":44,"column":null}},"23":{"start":{"line":50,"column":23},"end":{"line":50,"column":null}},"24":{"start":{"line":54,"column":33},"end":{"line":54,"column":null}},"25":{"start":{"line":60,"column":23},"end":{"line":60,"column":null}},"26":{"start":{"line":64,"column":33},"end":{"line":64,"column":null}},"27":{"start":{"line":70,"column":23},"end":{"line":70,"column":null}},"28":{"start":{"line":74,"column":33},"end":{"line":74,"column":null}},"29":{"start":{"line":80,"column":23},"end":{"line":80,"column":null}},"30":{"start":{"line":84,"column":33},"end":{"line":84,"column":null}},"31":{"start":{"line":90,"column":23},"end":{"line":90,"column":null}},"32":{"start":{"line":92,"column":33},"end":{"line":92,"column":null}},"33":{"start":{"line":110,"column":15},"end":{"line":110,"column":50}},"34":{"start":{"line":110,"column":50},"end":{"line":110,"column":50}}},"fnMap":{"0":{"name":"(anonymous_0)","decl":{"start":{"line":152,"column":23},"end":{"line":152,"column":29}},"loc":{"start":{"line":152,"column":29},"end":{"line":152,"column":40}},"line":152},"1":{"name":"(anonymous_1)","decl":{"start":{"line":157,"column":25},"end":{"line":157,"column":31}},"loc":{"start":{"line":157,"column":31},"end":{"line":157,"column":44}},"line":157},"2":{"name":"(anonymous_2)","decl":{"start":{"line":162,"column":27},"end":{"line":162,"column":33}},"loc":{"start":{"line":162,"column":33},"end":{"line":162,"column":48}},"line":162},"3":{"name":"(anonymous_3)","decl":{"start":{"line":168,"column":2},"end":{"line":168,"column":9}},"loc":{"start":{"line":168,"column":9},"end":{"line":168,"column":null}},"line":168},"4":{"name":"updateField","decl":{"start":{"line":174,"column":9},"end":{"line":174,"column":21}},"loc":{"start":{"line":174,"column":52},"end":{"line":181,"column":null}},"line":174},"5":{"name":"onSubmit","decl":{"start":{"line":186,"column":9},"end":{"line":186,"column":20}},"loc":{"start":{"line":186,"column":20},"end":{"line":188,"column":null}},"line":186},"6":{"name":"(anonymous_6)","decl":{"start":{"line":3,"column":21},"end":{"line":3,"column":30}},"loc":{"start":{"line":3,"column":21},"end":{"line":3,"column":33}},"line":3},"7":{"name":"(anonymous_7)","decl":{"start":{"line":11,"column":24},"end":{"line":11,"column":26}},"loc":{"start":{"line":11,"column":26},"end":{"line":11,"column":null}},"line":11},"8":{"name":"(anonymous_8)","decl":{"start":{"line":19,"column":24},"end":{"line":19,"column":26}},"loc":{"start":{"line":19,"column":26},"end":{"line":19,"column":null}},"line":19},"9":{"name":"(anonymous_9)","decl":{"start":{"line":12,"column":13},"end":{"line":12,"column":16}},"loc":{"start":{"line":12,"column":24},"end":{"line":12,"column":24}},"line":12},"10":{"name":"(anonymous_10)","decl":{"start":{"line":20,"column":13},"end":{"line":20,"column":32}},"loc":{"start":{"line":20,"column":32},"end":{"line":20,"column":null}},"line":20},"11":{"name":"(anonymous_11)","decl":{"start":{"line":31,"column":18},"end":{"line":31,"column":22}},"loc":{"start":{"line":31,"column":23},"end":{"line":31,"column":null}},"line":31},"12":{"name":"(anonymous_12)","decl":{"start":{"line":34,"column":31},"end":{"line":34,"column":33}},"loc":{"start":{"line":34,"column":33},"end":{"line":34,"column":null}},"line":34},"13":{"name":"(anonymous_13)","decl":{"start":{"line":40,"column":18},"end":{"line":40,"column":22}},"loc":{"start":{"line":40,"column":23},"end":{"line":40,"column":null}},"line":40},"14":{"name":"(anonymous_14)","decl":{"start":{"line":44,"column":31},"end":{"line":44,"column":33}},"loc":{"start":{"line":44,"column":33},"end":{"line":44,"column":null}},"line":44},"15":{"name":"(anonymous_15)","decl":{"start":{"line":50,"column":18},"end":{"line":50,"column":22}},"loc":{"start":{"line":50,"column":23},"end":{"line":50,"column":null}},"line":50},"16":{"name":"(anonymous_16)","decl":{"start":{"line":54,"column":31},"end":{"line":54,"column":33}},"loc":{"start":{"line":54,"column":33},"end":{"line":54,"column":null}},"line":54},"17":{"name":"(anonymous_17)","decl":{"start":{"line":60,"column":18},"end":{"line":60,"column":22}},"loc":{"start":{"line":60,"column":23},"end":{"line":60,"column":null}},"line":60},"18":{"name":"(anonymous_18)","decl":{"start":{"line":64,"column":31},"end":{"line":64,"column":33}},"loc":{"start":{"line":64,"column":33},"end":{"line":64,"column":null}},"line":64},"19":{"name":"(anonymous_19)","decl":{"start":{"line":70,"column":18},"end":{"line":70,"column":22}},"loc":{"start":{"line":70,"column":23},"end":{"line":70,"column":null}},"line":70},"20":{"name":"(anonymous_20)","decl":{"start":{"line":74,"column":31},"end":{"line":74,"column":33}},"loc":{"start":{"line":74,"column":33},"end":{"line":74,"column":null}},"line":74},"21":{"name":"(anonymous_21)","decl":{"start":{"line":80,"column":18},"end":{"line":80,"column":22}},"loc":{"start":{"line":80,"column":23},"end":{"line":80,"column":null}},"line":80},"22":{"name":"(anonymous_22)","decl":{"start":{"line":84,"column":31},"end":{"line":84,"column":33}},"loc":{"start":{"line":84,"column":33},"end":{"line":84,"column":null}},"line":84},"23":{"name":"(anonymous_23)","decl":{"start":{"line":90,"column":18},"end":{"line":90,"column":22}},"loc":{"start":{"line":90,"column":23},"end":{"line":90,"column":null}},"line":90},"24":{"name":"(anonymous_24)","decl":{"start":{"line":92,"column":31},"end":{"line":92,"column":33}},"loc":{"start":{"line":92,"column":33},"end":{"line":92,"column":null}},"line":92},"25":{"name":"(anonymous_25)","decl":{"start":{"line":110,"column":12},"end":{"line":110,"column":15}},"loc":{"start":{"line":110,"column":50},"end":{"line":110,"column":50}},"line":110}},"branchMap":{"0":{"loc":{"start":{"line":168,"column":9},"end":{"line":168,"column":null}},"type":"binary-expr","locations":[{"start":{"line":168,"column":9},"end":{"line":168,"column":66}},{"start":{"line":168,"column":66},"end":{"line":168,"column":null}}],"line":168},"1":{"loc":{"start":{"line":31,"column":23},"end":{"line":31,"column":null}},"type":"binary-expr","locations":[{"start":{"line":31,"column":23},"end":{"line":31,"column":31}},{"start":{"line":31,"column":31},"end":{"line":31,"column":null}}],"line":31},"2":{"loc":{"start":{"line":40,"column":23},"end":{"line":40,"column":null}},"type":"binary-expr","locations":[{"start":{"line":40,"column":23},"end":{"line":40,"column":31}},{"start":{"line":40,"column":31},"end":{"line":40,"column":null}}],"line":40},"3":{"loc":{"start":{"line":50,"column":23},"end":{"line":50,"column":null}},"type":"binary-expr","locations":[{"start":{"line":50,"column":23},"end":{"line":50,"column":31}},{"start":{"line":50,"column":31},"end":{"line":50,"column":null}}],"line":50},"4":{"loc":{"start":{"line":60,"column":23},"end":{"line":60,"column":null}},"type":"binary-expr","locations":[{"start":{"line":60,"column":23},"end":{"line":60,"column":31}},{"start":{"line":60,"column":31},"end":{"line":60,"column":null}}],"line":60},"5":{"loc":{"start":{"line":70,"column":23},"end":{"line":70,"column":null}},"type":"binary-expr","locations":[{"start":{"line":70,"column":23},"end":{"line":70,"column":31}},{"start":{"line":70,"column":31},"end":{"line":70,"column":null}}],"line":70},"6":{"loc":{"start":{"line":80,"column":23},"end":{"line":80,"column":null}},"type":"binary-expr","locations":[{"start":{"line":80,"column":23},"end":{"line":80,"column":31}},{"start":{"line":80,"column":31},"end":{"line":80,"column":null}}],"line":80},"7":{"loc":{"start":{"line":90,"column":23},"end":{"line":90,"column":null}},"type":"binary-expr","locations":[{"start":{"line":90,"column":23},"end":{"line":90,"column":31}},{"start":{"line":90,"column":31},"end":{"line":90,"column":null}}],"line":90},"8":{"loc":{"start":{"line":108,"column":21},"end":{"line":108,"column":null}},"type":"binary-expr","locations":[{"start":{"line":108,"column":21},"end":{"line":108,"column":37}},{"start":{"line":108,"column":37},"end":{"line":108,"column":null}}],"line":108},"9":{"loc":{"start":{"line":110,"column":15},"end":{"line":110,"column":50}},"type":"cond-expr","locations":[{"start":{"line":110,"column":24},"end":{"line":110,"column":50}},{"start":{"line":110,"column":24},"end":{"line":110,"column":50}}],"line":110}},"s":{"0":0,"1":0,"2":0,"3":0,"4":0,"5":0,"6":0,"7":0,"8":0,"9":0,"10":0,"11":0,"12":0,"13":0,"14":0,"15":0,"16":0,"17":0,"18":0,"19":0,"20":0,"21":0,"22":0,"23":0,"24":0,"25":0,"26":0,"27":0,"28":0,"29":0,"30":0,"31":0,"32":0,"33":0,"34":0},"f":{"0":0,"1":0,"2":0,"3":0,"4":0,"5":0,"6":0,"7":0,"8":0,"9":0,"10":0,"11":0,"12":0,"13":0,"14":0,"15":0,"16":0,"17":0,"18":0,"19":0,"20":0,"21":0,"22":0,"23":0,"24":0,"25":0},"b":{"0":[0,0],"1":[0,0],"2":[0,0],"3":[0,0],"4":[0,0],"5":[0,0],"6":[0,0],"7":[0,0],"8":[0,0],"9":[0,0]},"meta":{"lastBranch":10,"lastFunction":26,"lastStatement":35,"seen":{"s:133:14:133:Infinity":0,"s:142:13:142:Infinity":1,"s:147:6:147:Infinity":2,"s:152:6:152:Infinity":3,"f:152:23:152:29":0,"s:152:29:152:40":4,"s:157:6:157:Infinity":5,"f:157:25:157:31":1,"s:157:31:157:44":6,"s:162:6:162:Infinity":7,"f:162:27:162:33":2,"s:162:33:162:48":8,"s:167:6:169:Infinity":9,"f:168:2:168:9":3,"s:168:9:168:Infinity":10,"b:168:9:168:66:168:66:168:Infinity":0,"f:174:9:174:21":4,"s:175:2:180:Infinity":11,"f:186:9:186:20":5,"s:187:2:187:Infinity":12,"f:3:21:3:30":6,"s:3:21:3:33":13,"f:11:24:11:26":7,"s:11:26:11:Infinity":14,"s:12:16:12:24":15,"f:19:24:19:26":8,"s:19:26:19:Infinity":16,"f:12:13:12:16":9,"s:12:24:12:24":17,"f:20:13:20:32":10,"s:20:32:20:Infinity":18,"f:31:18:31:22":11,"s:31:23:31:Infinity":19,"b:31:23:31:31:31:31:31:Infinity":1,"f:34:31:34:33":12,"s:34:33:34:Infinity":20,"f:40:18:40:22":13,"s:40:23:40:Infinity":21,"b:40:23:40:31:40:31:40:Infinity":2,"f:44:31:44:33":14,"s:44:33:44:Infinity":22,"f:50:18:50:22":15,"s:50:23:50:Infinity":23,"b:50:23:50:31:50:31:50:Infinity":3,"f:54:31:54:33":16,"s:54:33:54:Infinity":24,"f:60:18:60:22":17,"s:60:23:60:Infinity":25,"b:60:23:60:31:60:31:60:Infinity":4,"f:64:31:64:33":18,"s:64:33:64:Infinity":26,"f:70:18:70:22":19,"s:70:23:70:Infinity":27,"b:70:23:70:31:70:31:70:Infinity":5,"f:74:31:74:33":20,"s:74:33:74:Infinity":28,"f:80:18:80:22":21,"s:80:23:80:Infinity":29,"b:80:23:80:31:80:31:80:Infinity":6,"f:84:31:84:33":22,"s:84:33:84:Infinity":30,"f:90:18:90:22":23,"s:90:23:90:Infinity":31,"b:90:23:90:31:90:31:90:Infinity":7,"f:92:31:92:33":24,"s:92:33:92:Infinity":32,"b:108:21:108:37:108:37:108:Infinity":8,"s:110:15:110:50":33,"b:110:24:110:50:110:24:110:50":9,"f:110:12:110:15":25,"s:110:50:110:50":34}}}
,"/Users/ss/Documents/projects/taxmaro-front-end-assessment/app/components/FormTabs.vue": {"path":"/Users/ss/Documents/projects/taxmaro-front-end-assessment/app/components/FormTabs.vue","statementMap":{},"fnMap":{},"branchMap":{},"s":{},"f":{},"b":{},"meta":{"lastBranch":0,"lastFunction":0,"lastStatement":0,"seen":{}}}
,"/Users/ss/Documents/projects/taxmaro-front-end-assessment/app/components/NavigationDrawer.vue": {"path":"/Users/ss/Documents/projects/taxmaro-front-end-assessment/app/components/NavigationDrawer.vue","statementMap":{"0":{"start":{"line":19,"column":6},"end":{"line":19,"column":null}},"1":{"start":{"line":21,"column":6},"end":{"line":21,"column":null}},"2":{"start":{"line":21,"column":40},"end":{"line":21,"column":74}}},"fnMap":{"0":{"name":"(anonymous_0)","decl":{"start":{"line":21,"column":34},"end":{"line":21,"column":40}},"loc":{"start":{"line":21,"column":40},"end":{"line":21,"column":74}},"line":21}},"branchMap":{},"s":{"0":0,"1":0,"2":0},"f":{"0":0},"b":{},"meta":{"lastBranch":0,"lastFunction":1,"lastStatement":3,"seen":{"s:19:6:19:Infinity":0,"s:21:6:21:Infinity":1,"f:21:34:21:40":0,"s:21:40:21:74":2}}}
,"/Users/ss/Documents/projects/taxmaro-front-end-assessment/app/components/PersonalForm.vue": {"path":"/Users/ss/Documents/projects/taxmaro-front-end-assessment/app/components/PersonalForm.vue","statementMap":{"0":{"start":{"line":196,"column":14},"end":{"line":196,"column":null}},"1":{"start":{"line":205,"column":13},"end":{"line":205,"column":null}},"2":{"start":{"line":210,"column":18},"end":{"line":210,"column":null}},"3":{"start":{"line":211,"column":23},"end":{"line":211,"column":null}},"4":{"start":{"line":212,"column":16},"end":{"line":212,"column":null}},"5":{"start":{"line":214,"column":6},"end":{"line":214,"column":null}},"6":{"start":{"line":219,"column":6},"end":{"line":219,"column":null}},"7":{"start":{"line":219,"column":29},"end":{"line":219,"column":40}},"8":{"start":{"line":224,"column":6},"end":{"line":224,"column":null}},"9":{"start":{"line":224,"column":31},"end":{"line":224,"column":44}},"10":{"start":{"line":229,"column":6},"end":{"line":229,"column":null}},"11":{"start":{"line":229,"column":33},"end":{"line":229,"column":48}},"12":{"start":{"line":234,"column":6},"end":{"line":236,"column":null}},"13":{"start":{"line":235,"column":9},"end":{"line":235,"column":null}},"14":{"start":{"line":242,"column":2},"end":{"line":242,"column":null}},"15":{"start":{"line":249,"column":2},"end":{"line":249,"column":null}},"16":{"start":{"line":3,"column":21},"end":{"line":3,"column":33}},"17":{"start":{"line":11,"column":26},"end":{"line":11,"column":null}},"18":{"start":{"line":12,"column":24},"end":{"line":12,"column":24}},"19":{"start":{"line":19,"column":26},"end":{"line":19,"column":null}},"20":{"start":{"line":20,"column":32},"end":{"line":20,"column":null}},"21":{"start":{"line":33,"column":23},"end":{"line":33,"column":null}},"22":{"start":{"line":36,"column":33},"end":{"line":36,"column":null}},"23":{"start":{"line":43,"column":23},"end":{"line":43,"column":null}},"24":{"start":{"line":47,"column":33},"end":{"line":47,"column":null}},"25":{"start":{"line":53,"column":38},"end":{"line":53,"column":91}},"26":{"start":{"line":53,"column":97},"end":{"line":53,"column":null}},"27":{"start":{"line":59,"column":33},"end":{"line":59,"column":null}},"28":{"start":{"line":65,"column":38},"end":{"line":65,"column":90}},"29":{"start":{"line":65,"column":96},"end":{"line":65,"column":null}},"30":{"start":{"line":72,"column":33},"end":{"line":72,"column":null}},"31":{"start":{"line":79,"column":38},"end":{"line":79,"column":86}},"32":{"start":{"line":79,"column":86},"end":{"line":79,"column":null}},"33":{"start":{"line":87,"column":33},"end":{"line":87,"column":null}},"34":{"start":{"line":93,"column":23},"end":{"line":93,"column":null}},"35":{"start":{"line":97,"column":33},"end":{"line":97,"column":null}},"36":{"start":{"line":103,"column":23},"end":{"line":103,"column":null}},"37":{"start":{"line":107,"column":33},"end":{"line":107,"column":null}},"38":{"start":{"line":118,"column":23},"end":{"line":118,"column":null}},"39":{"start":{"line":121,"column":33},"end":{"line":121,"column":null}},"40":{"start":{"line":127,"column":23},"end":{"line":127,"column":null}},"41":{"start":{"line":131,"column":33},"end":{"line":131,"column":null}},"42":{"start":{"line":139,"column":33},"end":{"line":139,"column":null}},"43":{"start":{"line":145,"column":23},"end":{"line":145,"column":null}},"44":{"start":{"line":149,"column":33},"end":{"line":149,"column":null}},"45":{"start":{"line":155,"column":23},"end":{"line":155,"column":null}},"46":{"start":{"line":159,"column":33},"end":{"line":159,"column":null}},"47":{"start":{"line":173,"column":50},"end":{"line":173,"column":50}}},"fnMap":{"0":{"name":"(anonymous_0)","decl":{"start":{"line":219,"column":23},"end":{"line":219,"column":29}},"loc":{"start":{"line":219,"column":29},"end":{"line":219,"column":40}},"line":219},"1":{"name":"(anonymous_1)","decl":{"start":{"line":224,"column":25},"end":{"line":224,"column":31}},"loc":{"start":{"line":224,"column":31},"end":{"line":224,"column":44}},"line":224},"2":{"name":"(anonymous_2)","decl":{"start":{"line":229,"column":27},"end":{"line":229,"column":33}},"loc":{"start":{"line":229,"column":33},"end":{"line":229,"column":48}},"line":229},"3":{"name":"(anonymous_3)","decl":{"start":{"line":235,"column":2},"end":{"line":235,"column":9}},"loc":{"start":{"line":235,"column":9},"end":{"line":235,"column":null}},"line":235},"4":{"name":"updateField","decl":{"start":{"line":241,"column":9},"end":{"line":241,"column":21}},"loc":{"start":{"line":241,"column":52},"end":{"line":243,"column":null}},"line":241},"5":{"name":"onSubmit","decl":{"start":{"line":248,"column":9},"end":{"line":248,"column":20}},"loc":{"start":{"line":248,"column":20},"end":{"line":250,"column":null}},"line":248},"6":{"name":"(anonymous_6)","decl":{"start":{"line":3,"column":21},"end":{"line":3,"column":30}},"loc":{"start":{"line":3,"column":21},"end":{"line":3,"column":33}},"line":3},"7":{"name":"(anonymous_7)","decl":{"start":{"line":11,"column":24},"end":{"line":11,"column":26}},"loc":{"start":{"line":11,"column":26},"end":{"line":11,"column":null}},"line":11},"8":{"name":"(anonymous_8)","decl":{"start":{"line":12,"column":13},"end":{"line":12,"column":16}},"loc":{"start":{"line":12,"column":24},"end":{"line":12,"column":24}},"line":12},"9":{"name":"(anonymous_9)","decl":{"start":{"line":19,"column":24},"end":{"line":19,"column":26}},"loc":{"start":{"line":19,"column":26},"end":{"line":19,"column":null}},"line":19},"10":{"name":"(anonymous_10)","decl":{"start":{"line":20,"column":13},"end":{"line":20,"column":32}},"loc":{"start":{"line":20,"column":32},"end":{"line":20,"column":null}},"line":20},"11":{"name":"(anonymous_11)","decl":{"start":{"line":33,"column":18},"end":{"line":33,"column":22}},"loc":{"start":{"line":33,"column":23},"end":{"line":33,"column":null}},"line":33},"12":{"name":"(anonymous_12)","decl":{"start":{"line":36,"column":31},"end":{"line":36,"column":33}},"loc":{"start":{"line":36,"column":33},"end":{"line":36,"column":null}},"line":36},"13":{"name":"(anonymous_13)","decl":{"start":{"line":43,"column":18},"end":{"line":43,"column":22}},"loc":{"start":{"line":43,"column":23},"end":{"line":43,"column":null}},"line":43},"14":{"name":"(anonymous_14)","decl":{"start":{"line":47,"column":31},"end":{"line":47,"column":33}},"loc":{"start":{"line":47,"column":33},"end":{"line":47,"column":null}},"line":47},"15":{"name":"(anonymous_15)","decl":{"start":{"line":53,"column":18},"end":{"line":53,"column":37}},"loc":{"start":{"line":53,"column":38},"end":{"line":53,"column":91}},"line":53},"16":{"name":"(anonymous_16)","decl":{"start":{"line":53,"column":46},"end":{"line":53,"column":91}},"loc":{"start":{"line":53,"column":97},"end":{"line":53,"column":null}},"line":53},"17":{"name":"(anonymous_17)","decl":{"start":{"line":59,"column":31},"end":{"line":59,"column":33}},"loc":{"start":{"line":59,"column":33},"end":{"line":59,"column":null}},"line":59},"18":{"name":"(anonymous_18)","decl":{"start":{"line":65,"column":18},"end":{"line":65,"column":37}},"loc":{"start":{"line":65,"column":38},"end":{"line":65,"column":90}},"line":65},"19":{"name":"(anonymous_19)","decl":{"start":{"line":65,"column":46},"end":{"line":65,"column":90}},"loc":{"start":{"line":65,"column":96},"end":{"line":65,"column":null}},"line":65},"20":{"name":"(anonymous_20)","decl":{"start":{"line":72,"column":31},"end":{"line":72,"column":33}},"loc":{"start":{"line":72,"column":33},"end":{"line":72,"column":null}},"line":72},"21":{"name":"(anonymous_21)","decl":{"start":{"line":79,"column":18},"end":{"line":79,"column":37}},"loc":{"start":{"line":79,"column":38},"end":{"line":79,"column":86}},"line":79},"22":{"name":"(anonymous_22)","decl":{"start":{"line":79,"column":46},"end":{"line":79,"column":86}},"loc":{"start":{"line":79,"column":86},"end":{"line":79,"column":null}},"line":79},"23":{"name":"(anonymous_23)","decl":{"start":{"line":87,"column":31},"end":{"line":87,"column":33}},"loc":{"start":{"line":87,"column":33},"end":{"line":87,"column":null}},"line":87},"24":{"name":"(anonymous_24)","decl":{"start":{"line":93,"column":18},"end":{"line":93,"column":22}},"loc":{"start":{"line":93,"column":23},"end":{"line":93,"column":null}},"line":93},"25":{"name":"(anonymous_25)","decl":{"start":{"line":97,"column":31},"end":{"line":97,"column":33}},"loc":{"start":{"line":97,"column":33},"end":{"line":97,"column":null}},"line":97},"26":{"name":"(anonymous_26)","decl":{"start":{"line":103,"column":18},"end":{"line":103,"column":22}},"loc":{"start":{"line":103,"column":23},"end":{"line":103,"column":null}},"line":103},"27":{"name":"(anonymous_27)","decl":{"start":{"line":107,"column":31},"end":{"line":107,"column":33}},"loc":{"start":{"line":107,"column":33},"end":{"line":107,"column":null}},"line":107},"28":{"name":"(anonymous_28)","decl":{"start":{"line":118,"column":18},"end":{"line":118,"column":22}},"loc":{"start":{"line":118,"column":23},"end":{"line":118,"column":null}},"line":118},"29":{"name":"(anonymous_29)","decl":{"start":{"line":121,"column":31},"end":{"line":121,"column":33}},"loc":{"start":{"line":121,"column":33},"end":{"line":121,"column":null}},"line":121},"30":{"name":"(anonymous_30)","decl":{"start":{"line":127,"column":18},"end":{"line":127,"column":22}},"loc":{"start":{"line":127,"column":23},"end":{"line":127,"column":null}},"line":127},"31":{"name":"(anonymous_31)","decl":{"start":{"line":131,"column":31},"end":{"line":131,"column":33}},"loc":{"start":{"line":131,"column":33},"end":{"line":131,"column":null}},"line":131},"32":{"name":"(anonymous_32)","decl":{"start":{"line":139,"column":31},"end":{"line":139,"column":33}},"loc":{"start":{"line":139,"column":33},"end":{"line":139,"column":null}},"line":139},"33":{"name":"(anonymous_33)","decl":{"start":{"line":145,"column":18},"end":{"line":145,"column":22}},"loc":{"start":{"line":145,"column":23},"end":{"line":145,"column":null}},"line":145},"34":{"name":"(anonymous_34)","decl":{"start":{"line":149,"column":31},"end":{"line":149,"column":33}},"loc":{"start":{"line":149,"column":33},"end":{"line":149,"column":null}},"line":149},"35":{"name":"(anonymous_35)","decl":{"start":{"line":155,"column":18},"end":{"line":155,"column":22}},"loc":{"start":{"line":155,"column":23},"end":{"line":155,"column":null}},"line":155},"36":{"name":"(anonymous_36)","decl":{"start":{"line":159,"column":31},"end":{"line":159,"column":33}},"loc":{"start":{"line":159,"column":33},"end":{"line":159,"column":null}},"line":159},"37":{"name":"(anonymous_37)","decl":{"start":{"line":173,"column":12},"end":{"line":173,"column":15}},"loc":{"start":{"line":173,"column":50},"end":{"line":173,"column":50}},"line":173}},"branchMap":{"0":{"loc":{"start":{"line":235,"column":9},"end":{"line":235,"column":null}},"type":"binary-expr","locations":[{"start":{"line":235,"column":9},"end":{"line":235,"column":55}},{"start":{"line":235,"column":55},"end":{"line":235,"column":null}}],"line":235},"1":{"loc":{"start":{"line":3,"column":21},"end":{"line":3,"column":33}},"type":"binary-expr","locations":[{"start":{"line":3,"column":21},"end":{"line":3,"column":30}},{"start":{"line":3,"column":21},"end":{"line":3,"column":33}}],"line":3},"2":{"loc":{"start":{"line":11,"column":24},"end":{"line":11,"column":null}},"type":"binary-expr","locations":[{"start":{"line":11,"column":24},"end":{"line":11,"column":26}},{"start":{"line":11,"column":24},"end":{"line":11,"column":null}}],"line":11},"3":{"loc":{"start":{"line":19,"column":24},"end":{"line":19,"column":null}},"type":"binary-expr","locations":[{"start":{"line":19,"column":24},"end":{"line":19,"column":26}},{"start":{"line":19,"column":24},"end":{"line":19,"column":null}}],"line":19},"4":{"loc":{"start":{"line":20,"column":32},"end":{"line":20,"column":null}},"type":"binary-expr","locations":[{"start":{"line":20,"column":32},"end":{"line":20,"column":null}},{"start":{"line":20,"column":32},"end":{"line":20,"column":null}}],"line":20},"5":{"loc":{"start":{"line":27,"column":47},"end":{"line":27,"column":47}},"type":"binary-expr","locations":[{"start":{"line":27,"column":47},"end":{"line":27,"column":null}},{"start":{"line":27,"column":47},"end":{"line":27,"column":47}}],"line":27},"6":{"loc":{"start":{"line":33,"column":23},"end":{"line":33,"column":null}},"type":"binary-expr","locations":[{"start":{"line":33,"column":23},"end":{"line":33,"column":31}},{"start":{"line":33,"column":31},"end":{"line":33,"column":null}}],"line":33},"7":{"loc":{"start":{"line":36,"column":31},"end":{"line":36,"column":null}},"type":"binary-expr","locations":[{"start":{"line":36,"column":31},"end":{"line":36,"column":33}},{"start":{"line":36,"column":31},"end":{"line":36,"column":null}}],"line":36},"8":{"loc":{"start":{"line":43,"column":23},"end":{"line":43,"column":null}},"type":"binary-expr","locations":[{"start":{"line":43,"column":23},"end":{"line":43,"column":31}},{"start":{"line":43,"column":31},"end":{"line":43,"column":null}}],"line":43},"9":{"loc":{"start":{"line":47,"column":31},"end":{"line":47,"column":null}},"type":"binary-expr","locations":[{"start":{"line":47,"column":31},"end":{"line":47,"column":33}},{"start":{"line":47,"column":31},"end":{"line":47,"column":null}}],"line":47},"10":{"loc":{"start":{"line":53,"column":38},"end":{"line":53,"column":91}},"type":"binary-expr","locations":[{"start":{"line":53,"column":38},"end":{"line":53,"column":46}},{"start":{"line":53,"column":46},"end":{"line":53,"column":91}}],"line":53},"11":{"loc":{"start":{"line":53,"column":97},"end":{"line":53,"column":null}},"type":"binary-expr","locations":[{"start":{"line":53,"column":97},"end":{"line":53,"column":null}},{"start":{"line":53,"column":106},"end":{"line":53,"column":null}}],"line":53},"12":{"loc":{"start":{"line":59,"column":31},"end":{"line":59,"column":null}},"type":"binary-expr","locations":[{"start":{"line":59,"column":31},"end":{"line":59,"column":33}},{"start":{"line":59,"column":31},"end":{"line":59,"column":null}}],"line":59},"13":{"loc":{"start":{"line":65,"column":38},"end":{"line":65,"column":90}},"type":"binary-expr","locations":[{"start":{"line":65,"column":38},"end":{"line":65,"column":46}},{"start":{"line":65,"column":46},"end":{"line":65,"column":90}}],"line":65},"14":{"loc":{"start":{"line":65,"column":96},"end":{"line":65,"column":null}},"type":"binary-expr","locations":[{"start":{"line":65,"column":96},"end":{"line":65,"column":null}},{"start":{"line":65,"column":105},"end":{"line":65,"column":null}}],"line":65},"15":{"loc":{"start":{"line":72,"column":31},"end":{"line":72,"column":null}},"type":"binary-expr","locations":[{"start":{"line":72,"column":31},"end":{"line":72,"column":33}},{"start":{"line":72,"column":31},"end":{"line":72,"column":null}}],"line":72},"16":{"loc":{"start":{"line":79,"column":38},"end":{"line":79,"column":86}},"type":"binary-expr","locations":[{"start":{"line":79,"column":38},"end":{"line":79,"column":46}},{"start":{"line":79,"column":46},"end":{"line":79,"column":86}}],"line":79},"17":{"loc":{"start":{"line":79,"column":86},"end":{"line":79,"column":null}},"type":"binary-expr","locations":[{"start":{"line":79,"column":86},"end":{"line":79,"column":null}},{"start":{"line":79,"column":143},"end":{"line":79,"column":null}}],"line":79},"18":{"loc":{"start":{"line":87,"column":31},"end":{"line":87,"column":null}},"type":"binary-expr","locations":[{"start":{"line":87,"column":31},"end":{"line":87,"column":33}},{"start":{"line":87,"column":31},"end":{"line":87,"column":null}}],"line":87},"19":{"loc":{"start":{"line":93,"column":23},"end":{"line":93,"column":null}},"type":"binary-expr","locations":[{"start":{"line":93,"column":23},"end":{"line":93,"column":31}},{"start":{"line":93,"column":31},"end":{"line":93,"column":null}}],"line":93},"20":{"loc":{"start":{"line":97,"column":31},"end":{"line":97,"column":null}},"type":"binary-expr","locations":[{"start":{"line":97,"column":31},"end":{"line":97,"column":33}},{"start":{"line":97,"column":31},"end":{"line":97,"column":null}}],"line":97},"21":{"loc":{"start":{"line":103,"column":23},"end":{"line":103,"column":null}},"type":"binary-expr","locations":[{"start":{"line":103,"column":23},"end":{"line":103,"column":31}},{"start":{"line":103,"column":31},"end":{"line":103,"column":null}}],"line":103},"22":{"loc":{"start":{"line":107,"column":31},"end":{"line":107,"column":null}},"type":"binary-expr","locations":[{"start":{"line":107,"column":31},"end":{"line":107,"column":33}},{"start":{"line":107,"column":31},"end":{"line":107,"column":null}}],"line":107},"23":{"loc":{"start":{"line":112,"column":47},"end":{"line":112,"column":47}},"type":"binary-expr","locations":[{"start":{"line":112,"column":47},"end":{"line":112,"column":null}},{"start":{"line":112,"column":47},"end":{"line":112,"column":47}}],"line":112},"24":{"loc":{"start":{"line":118,"column":23},"end":{"line":118,"column":null}},"type":"binary-expr","locations":[{"start":{"line":118,"column":23},"end":{"line":118,"column":31}},{"start":{"line":118,"column":31},"end":{"line":118,"column":null}}],"line":118},"25":{"loc":{"start":{"line":121,"column":31},"end":{"line":121,"column":null}},"type":"binary-expr","locations":[{"start":{"line":121,"column":31},"end":{"line":121,"column":33}},{"start":{"line":121,"column":31},"end":{"line":121,"column":null}}],"line":121},"26":{"loc":{"start":{"line":127,"column":23},"end":{"line":127,"column":null}},"type":"binary-expr","locations":[{"start":{"line":127,"column":23},"end":{"line":127,"column":31}},{"start":{"line":127,"column":31},"end":{"line":127,"column":null}}],"line":127},"27":{"loc":{"start":{"line":131,"column":31},"end":{"line":131,"column":null}},"type":"binary-expr","locations":[{"start":{"line":131,"column":31},"end":{"line":131,"column":33}},{"start":{"line":131,"column":31},"end":{"line":131,"column":null}}],"line":131},"28":{"loc":{"start":{"line":139,"column":31},"end":{"line":139,"column":null}},"type":"binary-expr","locations":[{"start":{"line":139,"column":31},"end":{"line":139,"column":33}},{"start":{"line":139,"column":31},"end":{"line":139,"column":null}}],"line":139},"29":{"loc":{"start":{"line":145,"column":23},"end":{"line":145,"column":null}},"type":"binary-expr","locations":[{"start":{"line":145,"column":23},"end":{"line":145,"column":31}},{"start":{"line":145,"column":31},"end":{"line":145,"column":null}}],"line":145},"30":{"loc":{"start":{"line":149,"column":31},"end":{"line":149,"column":null}},"type":"binary-expr","locations":[{"start":{"line":149,"column":31},"end":{"line":149,"column":33}},{"start":{"line":149,"column":31},"end":{"line":149,"column":null}}],"line":149},"31":{"loc":{"start":{"line":155,"column":23},"end":{"line":155,"column":null}},"type":"binary-expr","locations":[{"start":{"line":155,"column":23},"end":{"line":155,"column":31}},{"start":{"line":155,"column":31},"end":{"line":155,"column":null}}],"line":155},"32":{"loc":{"start":{"line":159,"column":31},"end":{"line":159,"column":null}},"type":"binary-expr","locations":[{"start":{"line":159,"column":31},"end":{"line":159,"column":33}},{"start":{"line":159,"column":31},"end":{"line":159,"column":null}}],"line":159},"33":{"loc":{"start":{"line":171,"column":21},"end":{"line":171,"column":null}},"type":"binary-expr","locations":[{"start":{"line":171,"column":21},"end":{"line":171,"column":37}},{"start":{"line":171,"column":37},"end":{"line":171,"column":null}}],"line":171},"34":{"loc":{"start":{"line":173,"column":15},"end":{"line":173,"column":50}},"type":"cond-expr","locations":[{"start":{"line":173,"column":24},"end":{"line":173,"column":50}},{"start":{"line":173,"column":24},"end":{"line":173,"column":50}}],"line":173}},"s":{"0":3,"1":3,"2":3,"3":3,"4":3,"5":3,"6":3,"7":0,"8":3,"9":0,"10":3,"11":0,"12":3,"13":0,"14":0,"15":0,"16":0,"17":0,"18":0,"19":0,"20":0,"21":0,"22":0,"23":0,"24":0,"25":0,"26":0,"27":0,"28":0,"29":0,"30":0,"31":0,"32":0,"33":0,"34":0,"35":0,"36":0,"37":0,"38":0,"39":0,"40":0,"41":0,"42":0,"43":0,"44":0,"45":0,"46":0,"47":0},"f":{"0":0,"1":0,"2":0,"3":0,"4":0,"5":0,"6":0,"7":0,"8":0,"9":0,"10":0,"11":0,"12":0,"13":0,"14":0,"15":0,"16":0,"17":0,"18":0,"19":0,"20":0,"21":0,"22":0,"23":0,"24":0,"25":0,"26":0,"27":0,"28":0,"29":0,"30":0,"31":0,"32":0,"33":0,"34":0,"35":0,"36":0,"37":0},"b":{"0":[0,0],"1":[0,0],"2":[0,0],"3":[0,0],"4":[0,0],"5":[0,0],"6":[0,0],"7":[0,0],"8":[0,0],"9":[0,0],"10":[0,0],"11":[0,0],"12":[0,0],"13":[0,0],"14":[0,0],"15":[0,0],"16":[0,0],"17":[0,0],"18":[0,0],"19":[0,0],"20":[0,0],"21":[0,0],"22":[0,0],"23":[0,0],"24":[0,0],"25":[0,0],"26":[0,0],"27":[0,0],"28":[0,0],"29":[0,0],"30":[0,0],"31":[0,0],"32":[0,0],"33":[0,0],"34":[0,0]},"meta":{"lastBranch":35,"lastFunction":38,"lastStatement":48,"seen":{"s:196:14:196:Infinity":0,"s:205:13:205:Infinity":1,"s:210:18:210:Infinity":2,"s:211:23:211:Infinity":3,"s:212:16:212:Infinity":4,"s:214:6:214:Infinity":5,"s:219:6:219:Infinity":6,"f:219:23:219:29":0,"s:219:29:219:40":7,"s:224:6:224:Infinity":8,"f:224:25:224:31":1,"s:224:31:224:44":9,"s:229:6:229:Infinity":10,"f:229:27:229:33":2,"s:229:33:229:48":11,"s:234:6:236:Infinity":12,"f:235:2:235:9":3,"s:235:9:235:Infinity":13,"b:235:9:235:55:235:55:235:Infinity":0,"f:241:9:241:21":4,"s:242:2:242:Infinity":14,"f:248:9:248:20":5,"s:249:2:249:Infinity":15,"b:3:21:3:30:3:21:3:33":1,"f:3:21:3:30":6,"s:3:21:3:33":16,"b:11:24:11:26:11:24:11:Infinity":2,"f:11:24:11:26":7,"s:11:26:11:Infinity":17,"f:12:13:12:16":8,"s:12:24:12:24":18,"b:19:24:19:26:19:24:19:Infinity":3,"f:19:24:19:26":9,"s:19:26:19:Infinity":19,"f:20:13:20:32":10,"s:20:32:20:Infinity":20,"b:20:32:20:Infinity:20:32:20:Infinity":4,"b:27:47:27:Infinity:27:47:27:47":5,"f:33:18:33:22":11,"s:33:23:33:Infinity":21,"b:33:23:33:31:33:31:33:Infinity":6,"b:36:31:36:33:36:31:36:Infinity":7,"f:36:31:36:33":12,"s:36:33:36:Infinity":22,"f:43:18:43:22":13,"s:43:23:43:Infinity":23,"b:43:23:43:31:43:31:43:Infinity":8,"b:47:31:47:33:47:31:47:Infinity":9,"f:47:31:47:33":14,"s:47:33:47:Infinity":24,"f:53:18:53:37":15,"s:53:38:53:91":25,"b:53:38:53:46:53:46:53:91":10,"f:53:46:53:91":16,"s:53:97:53:Infinity":26,"b:53:97:53:Infinity:53:106:53:Infinity":11,"b:59:31:59:33:59:31:59:Infinity":12,"f:59:31:59:33":17,"s:59:33:59:Infinity":27,"f:65:18:65:37":18,"s:65:38:65:90":28,"b:65:38:65:46:65:46:65:90":13,"f:65:46:65:90":19,"s:65:96:65:Infinity":29,"b:65:96:65:Infinity:65:105:65:Infinity":14,"b:72:31:72:33:72:31:72:Infinity":15,"f:72:31:72:33":20,"s:72:33:72:Infinity":30,"f:79:18:79:37":21,"s:79:38:79:86":31,"b:79:38:79:46:79:46:79:86":16,"f:79:46:79:86":22,"s:79:86:79:Infinity":32,"b:79:86:79:Infinity:79:143:79:Infinity":17,"b:87:31:87:33:87:31:87:Infinity":18,"f:87:31:87:33":23,"s:87:33:87:Infinity":33,"f:93:18:93:22":24,"s:93:23:93:Infinity":34,"b:93:23:93:31:93:31:93:Infinity":19,"b:97:31:97:33:97:31:97:Infinity":20,"f:97:31:97:33":25,"s:97:33:97:Infinity":35,"f:103:18:103:22":26,"s:103:23:103:Infinity":36,"b:103:23:103:31:103:31:103:Infinity":21,"b:107:31:107:33:107:31:107:Infinity":22,"f:107:31:107:33":27,"s:107:33:107:Infinity":37,"b:112:47:112:Infinity:112:47:112:47":23,"f:118:18:118:22":28,"s:118:23:118:Infinity":38,"b:118:23:118:31:118:31:118:Infinity":24,"b:121:31:121:33:121:31:121:Infinity":25,"f:121:31:121:33":29,"s:121:33:121:Infinity":39,"f:127:18:127:22":30,"s:127:23:127:Infinity":40,"b:127:23:127:31:127:31:127:Infinity":26,"b:131:31:131:33:131:31:131:Infinity":27,"f:131:31:131:33":31,"s:131:33:131:Infinity":41,"b:139:31:139:33:139:31:139:Infinity":28,"f:139:31:139:33":32,"s:139:33:139:Infinity":42,"f:145:18:145:22":33,"s:145:23:145:Infinity":43,"b:145:23:145:31:145:31:145:Infinity":29,"b:149:31:149:33:149:31:149:Infinity":30,"f:149:31:149:33":34,"s:149:33:149:Infinity":44,"f:155:18:155:22":35,"s:155:23:155:Infinity":45,"b:155:23:155:31:155:31:155:Infinity":31,"b:159:31:159:33:159:31:159:Infinity":32,"f:159:31:159:33":36,"s:159:33:159:Infinity":46,"b:171:21:171:37:171:37:171:Infinity":33,"f:173:12:173:15":37,"s:173:50:173:50":47,"b:173:24:173:50:173:24:173:50":34}}}
,"/Users/ss/Documents/projects/taxmaro-front-end-assessment/app/components/TaxDataForm.vue": {"path":"/Users/ss/Documents/projects/taxmaro-front-end-assessment/app/components/TaxDataForm.vue","statementMap":{"0":{"start":{"line":296,"column":14},"end":{"line":296,"column":null}},"1":{"start":{"line":305,"column":13},"end":{"line":305,"column":null}},"2":{"start":{"line":310,"column":21},"end":{"line":310,"column":null}},"3":{"start":{"line":311,"column":6},"end":{"line":311,"column":null}},"4":{"start":{"line":316,"column":6},"end":{"line":316,"column":null}},"5":{"start":{"line":316,"column":29},"end":{"line":316,"column":40}},"6":{"start":{"line":321,"column":6},"end":{"line":321,"column":null}},"7":{"start":{"line":321,"column":31},"end":{"line":321,"column":44}},"8":{"start":{"line":326,"column":6},"end":{"line":326,"column":null}},"9":{"start":{"line":326,"column":33},"end":{"line":326,"column":48}},"10":{"start":{"line":331,"column":6},"end":{"line":333,"column":null}},"11":{"start":{"line":332,"column":9},"end":{"line":332,"column":null}},"12":{"start":{"line":334,"column":6},"end":{"line":336,"column":null}},"13":{"start":{"line":335,"column":9},"end":{"line":335,"column":null}},"14":{"start":{"line":342,"column":2},"end":{"line":347,"column":null}},"15":{"start":{"line":354,"column":2},"end":{"line":359,"column":null}},"16":{"start":{"line":366,"column":2},"end":{"line":366,"column":null}},"17":{"start":{"line":3,"column":21},"end":{"line":3,"column":33}},"18":{"start":{"line":11,"column":26},"end":{"line":11,"column":null}},"19":{"start":{"line":12,"column":16},"end":{"line":12,"column":24}},"20":{"start":{"line":19,"column":26},"end":{"line":19,"column":null}},"21":{"start":{"line":12,"column":24},"end":{"line":12,"column":24}},"22":{"start":{"line":20,"column":32},"end":{"line":20,"column":null}},"23":{"start":{"line":33,"column":33},"end":{"line":33,"column":null}},"24":{"start":{"line":48,"column":33},"end":{"line":48,"column":null}},"25":{"start":{"line":54,"column":23},"end":{"line":54,"column":null}},"26":{"start":{"line":58,"column":33},"end":{"line":58,"column":null}},"27":{"start":{"line":63,"column":23},"end":{"line":63,"column":null}},"28":{"start":{"line":65,"column":33},"end":{"line":65,"column":null}},"29":{"start":{"line":73,"column":23},"end":{"line":73,"column":null}},"30":{"start":{"line":77,"column":33},"end":{"line":77,"column":null}},"31":{"start":{"line":83,"column":23},"end":{"line":83,"column":null}},"32":{"start":{"line":87,"column":33},"end":{"line":87,"column":null}},"33":{"start":{"line":93,"column":23},"end":{"line":93,"column":null}},"34":{"start":{"line":97,"column":33},"end":{"line":97,"column":null}},"35":{"start":{"line":108,"column":33},"end":{"line":108,"column":null}},"36":{"start":{"line":123,"column":33},"end":{"line":123,"column":null}},"37":{"start":{"line":128,"column":23},"end":{"line":128,"column":null}},"38":{"start":{"line":132,"column":33},"end":{"line":132,"column":null}},"39":{"start":{"line":138,"column":23},"end":{"line":138,"column":null}},"40":{"start":{"line":142,"column":33},"end":{"line":142,"column":null}},"41":{"start":{"line":148,"column":23},"end":{"line":148,"column":null}},"42":{"start":{"line":152,"column":48},"end":{"line":152,"column":null}},"43":{"start":{"line":160,"column":23},"end":{"line":160,"column":null}},"44":{"start":{"line":164,"column":48},"end":{"line":164,"column":null}},"45":{"start":{"line":172,"column":38},"end":{"line":172,"column":null}},"46":{"start":{"line":178,"column":48},"end":{"line":178,"column":null}},"47":{"start":{"line":186,"column":23},"end":{"line":186,"column":null}},"48":{"start":{"line":190,"column":48},"end":{"line":190,"column":null}},"49":{"start":{"line":200,"column":38},"end":{"line":200,"column":null}},"50":{"start":{"line":206,"column":48},"end":{"line":206,"column":null}},"51":{"start":{"line":216,"column":37},"end":{"line":216,"column":null}},"52":{"start":{"line":223,"column":48},"end":{"line":223,"column":null}},"53":{"start":{"line":234,"column":23},"end":{"line":234,"column":null}},"54":{"start":{"line":238,"column":48},"end":{"line":238,"column":null}},"55":{"start":{"line":247,"column":48},"end":{"line":247,"column":null}},"56":{"start":{"line":254,"column":23},"end":{"line":254,"column":null}},"57":{"start":{"line":256,"column":33},"end":{"line":256,"column":null}},"58":{"start":{"line":273,"column":15},"end":{"line":273,"column":50}},"59":{"start":{"line":273,"column":50},"end":{"line":273,"column":50}}},"fnMap":{"0":{"name":"(anonymous_0)","decl":{"start":{"line":316,"column":23},"end":{"line":316,"column":29}},"loc":{"start":{"line":316,"column":29},"end":{"line":316,"column":40}},"line":316},"1":{"name":"(anonymous_1)","decl":{"start":{"line":321,"column":25},"end":{"line":321,"column":31}},"loc":{"start":{"line":321,"column":31},"end":{"line":321,"column":44}},"line":321},"2":{"name":"(anonymous_2)","decl":{"start":{"line":326,"column":27},"end":{"line":326,"column":33}},"loc":{"start":{"line":326,"column":33},"end":{"line":326,"column":48}},"line":326},"3":{"name":"(anonymous_3)","decl":{"start":{"line":332,"column":2},"end":{"line":332,"column":9}},"loc":{"start":{"line":332,"column":9},"end":{"line":332,"column":null}},"line":332},"4":{"name":"(anonymous_4)","decl":{"start":{"line":335,"column":2},"end":{"line":335,"column":9}},"loc":{"start":{"line":335,"column":9},"end":{"line":335,"column":null}},"line":335},"5":{"name":"updateTaxField","decl":{"start":{"line":341,"column":9},"end":{"line":341,"column":24}},"loc":{"start":{"line":341,"column":55},"end":{"line":348,"column":null}},"line":341},"6":{"name":"updateInsuranceField","decl":{"start":{"line":353,"column":9},"end":{"line":353,"column":30}},"loc":{"start":{"line":353,"column":61},"end":{"line":360,"column":null}},"line":353},"7":{"name":"onSubmit","decl":{"start":{"line":365,"column":9},"end":{"line":365,"column":20}},"loc":{"start":{"line":365,"column":20},"end":{"line":367,"column":null}},"line":365},"8":{"name":"(anonymous_8)","decl":{"start":{"line":3,"column":21},"end":{"line":3,"column":30}},"loc":{"start":{"line":3,"column":21},"end":{"line":3,"column":33}},"line":3},"9":{"name":"(anonymous_9)","decl":{"start":{"line":11,"column":24},"end":{"line":11,"column":26}},"loc":{"start":{"line":11,"column":26},"end":{"line":11,"column":null}},"line":11},"10":{"name":"(anonymous_10)","decl":{"start":{"line":19,"column":24},"end":{"line":19,"column":26}},"loc":{"start":{"line":19,"column":26},"end":{"line":19,"column":null}},"line":19},"11":{"name":"(anonymous_11)","decl":{"start":{"line":12,"column":13},"end":{"line":12,"column":16}},"loc":{"start":{"line":12,"column":24},"end":{"line":12,"column":24}},"line":12},"12":{"name":"(anonymous_12)","decl":{"start":{"line":20,"column":13},"end":{"line":20,"column":32}},"loc":{"start":{"line":20,"column":32},"end":{"line":20,"column":null}},"line":20},"13":{"name":"(anonymous_13)","decl":{"start":{"line":33,"column":31},"end":{"line":33,"column":33}},"loc":{"start":{"line":33,"column":33},"end":{"line":33,"column":null}},"line":33},"14":{"name":"(anonymous_14)","decl":{"start":{"line":48,"column":31},"end":{"line":48,"column":33}},"loc":{"start":{"line":48,"column":33},"end":{"line":48,"column":null}},"line":48},"15":{"name":"(anonymous_15)","decl":{"start":{"line":54,"column":18},"end":{"line":54,"column":22}},"loc":{"start":{"line":54,"column":23},"end":{"line":54,"column":null}},"line":54},"16":{"name":"(anonymous_16)","decl":{"start":{"line":58,"column":31},"end":{"line":58,"column":33}},"loc":{"start":{"line":58,"column":33},"end":{"line":58,"column":null}},"line":58},"17":{"name":"(anonymous_17)","decl":{"start":{"line":63,"column":18},"end":{"line":63,"column":22}},"loc":{"start":{"line":63,"column":23},"end":{"line":63,"column":null}},"line":63},"18":{"name":"(anonymous_18)","decl":{"start":{"line":65,"column":31},"end":{"line":65,"column":33}},"loc":{"start":{"line":65,"column":33},"end":{"line":65,"column":null}},"line":65},"19":{"name":"(anonymous_19)","decl":{"start":{"line":73,"column":18},"end":{"line":73,"column":22}},"loc":{"start":{"line":73,"column":23},"end":{"line":73,"column":null}},"line":73},"20":{"name":"(anonymous_20)","decl":{"start":{"line":77,"column":31},"end":{"line":77,"column":33}},"loc":{"start":{"line":77,"column":33},"end":{"line":77,"column":null}},"line":77},"21":{"name":"(anonymous_21)","decl":{"start":{"line":83,"column":18},"end":{"line":83,"column":22}},"loc":{"start":{"line":83,"column":23},"end":{"line":83,"column":null}},"line":83},"22":{"name":"(anonymous_22)","decl":{"start":{"line":87,"column":31},"end":{"line":87,"column":33}},"loc":{"start":{"line":87,"column":33},"end":{"line":87,"column":null}},"line":87},"23":{"name":"(anonymous_23)","decl":{"start":{"line":93,"column":18},"end":{"line":93,"column":22}},"loc":{"start":{"line":93,"column":23},"end":{"line":93,"column":null}},"line":93},"24":{"name":"(anonymous_24)","decl":{"start":{"line":97,"column":31},"end":{"line":97,"column":33}},"loc":{"start":{"line":97,"column":33},"end":{"line":97,"column":null}},"line":97},"25":{"name":"(anonymous_25)","decl":{"start":{"line":108,"column":31},"end":{"line":108,"column":33}},"loc":{"start":{"line":108,"column":33},"end":{"line":108,"column":null}},"line":108},"26":{"name":"(anonymous_26)","decl":{"start":{"line":123,"column":31},"end":{"line":123,"column":33}},"loc":{"start":{"line":123,"column":33},"end":{"line":123,"column":null}},"line":123},"27":{"name":"(anonymous_27)","decl":{"start":{"line":128,"column":18},"end":{"line":128,"column":22}},"loc":{"start":{"line":128,"column":23},"end":{"line":128,"column":null}},"line":128},"28":{"name":"(anonymous_28)","decl":{"start":{"line":132,"column":31},"end":{"line":132,"column":33}},"loc":{"start":{"line":132,"column":33},"end":{"line":132,"column":null}},"line":132},"29":{"name":"(anonymous_29)","decl":{"start":{"line":138,"column":18},"end":{"line":138,"column":22}},"loc":{"start":{"line":138,"column":23},"end":{"line":138,"column":null}},"line":138},"30":{"name":"(anonymous_30)","decl":{"start":{"line":142,"column":31},"end":{"line":142,"column":33}},"loc":{"start":{"line":142,"column":33},"end":{"line":142,"column":null}},"line":142},"31":{"name":"(anonymous_31)","decl":{"start":{"line":148,"column":18},"end":{"line":148,"column":22}},"loc":{"start":{"line":148,"column":23},"end":{"line":148,"column":null}},"line":148},"32":{"name":"(anonymous_32)","decl":{"start":{"line":152,"column":31},"end":{"line":152,"column":48}},"loc":{"start":{"line":152,"column":48},"end":{"line":152,"column":null}},"line":152},"33":{"name":"(anonymous_33)","decl":{"start":{"line":160,"column":18},"end":{"line":160,"column":22}},"loc":{"start":{"line":160,"column":23},"end":{"line":160,"column":null}},"line":160},"34":{"name":"(anonymous_34)","decl":{"start":{"line":164,"column":31},"end":{"line":164,"column":48}},"loc":{"start":{"line":164,"column":48},"end":{"line":164,"column":null}},"line":164},"35":{"name":"(anonymous_35)","decl":{"start":{"line":172,"column":18},"end":{"line":172,"column":37}},"loc":{"start":{"line":172,"column":38},"end":{"line":172,"column":null}},"line":172},"36":{"name":"(anonymous_36)","decl":{"start":{"line":178,"column":31},"end":{"line":178,"column":48}},"loc":{"start":{"line":178,"column":48},"end":{"line":178,"column":null}},"line":178},"37":{"name":"(anonymous_37)","decl":{"start":{"line":186,"column":18},"end":{"line":186,"column":22}},"loc":{"start":{"line":186,"column":23},"end":{"line":186,"column":null}},"line":186},"38":{"name":"(anonymous_38)","decl":{"start":{"line":190,"column":31},"end":{"line":190,"column":48}},"loc":{"start":{"line":190,"column":48},"end":{"line":190,"column":null}},"line":190},"39":{"name":"(anonymous_39)","decl":{"start":{"line":200,"column":18},"end":{"line":200,"column":37}},"loc":{"start":{"line":200,"column":38},"end":{"line":200,"column":null}},"line":200},"40":{"name":"(anonymous_40)","decl":{"start":{"line":206,"column":31},"end":{"line":206,"column":48}},"loc":{"start":{"line":206,"column":48},"end":{"line":206,"column":null}},"line":206},"41":{"name":"(anonymous_41)","decl":{"start":{"line":216,"column":18},"end":{"line":216,"column":37}},"loc":{"start":{"line":216,"column":37},"end":{"line":216,"column":null}},"line":216},"42":{"name":"(anonymous_42)","decl":{"start":{"line":223,"column":31},"end":{"line":223,"column":48}},"loc":{"start":{"line":223,"column":48},"end":{"line":223,"column":null}},"line":223},"43":{"name":"(anonymous_43)","decl":{"start":{"line":234,"column":18},"end":{"line":234,"column":22}},"loc":{"start":{"line":234,"column":23},"end":{"line":234,"column":null}},"line":234},"44":{"name":"(anonymous_44)","decl":{"start":{"line":238,"column":31},"end":{"line":238,"column":48}},"loc":{"start":{"line":238,"column":48},"end":{"line":238,"column":null}},"line":238},"45":{"name":"(anonymous_45)","decl":{"start":{"line":247,"column":31},"end":{"line":247,"column":48}},"loc":{"start":{"line":247,"column":48},"end":{"line":247,"column":null}},"line":247},"46":{"name":"(anonymous_46)","decl":{"start":{"line":254,"column":18},"end":{"line":254,"column":22}},"loc":{"start":{"line":254,"column":23},"end":{"line":254,"column":null}},"line":254},"47":{"name":"(anonymous_47)","decl":{"start":{"line":256,"column":31},"end":{"line":256,"column":33}},"loc":{"start":{"line":256,"column":33},"end":{"line":256,"column":null}},"line":256},"48":{"name":"(anonymous_48)","decl":{"start":{"line":273,"column":12},"end":{"line":273,"column":15}},"loc":{"start":{"line":273,"column":50},"end":{"line":273,"column":50}},"line":273}},"branchMap":{"0":{"loc":{"start":{"line":332,"column":9},"end":{"line":332,"column":null}},"type":"binary-expr","locations":[{"start":{"line":332,"column":9},"end":{"line":332,"column":59}},{"start":{"line":332,"column":59},"end":{"line":332,"column":null}}],"line":332},"1":{"loc":{"start":{"line":335,"column":9},"end":{"line":335,"column":null}},"type":"binary-expr","locations":[{"start":{"line":335,"column":9},"end":{"line":335,"column":65}},{"start":{"line":335,"column":65},"end":{"line":335,"column":null}}],"line":335},"2":{"loc":{"start":{"line":40,"column":37},"end":{"line":40,"column":null}},"type":"binary-expr","locations":[{"start":{"line":40,"column":37},"end":{"line":40,"column":82}},{"start":{"line":40,"column":41},"end":{"line":40,"column":null}},{"start":{"line":40,"column":86},"end":{"line":40,"column":null}}],"line":40},"3":{"loc":{"start":{"line":54,"column":23},"end":{"line":54,"column":null}},"type":"binary-expr","locations":[{"start":{"line":54,"column":23},"end":{"line":54,"column":31}},{"start":{"line":54,"column":31},"end":{"line":54,"column":null}}],"line":54},"4":{"loc":{"start":{"line":63,"column":23},"end":{"line":63,"column":null}},"type":"binary-expr","locations":[{"start":{"line":63,"column":23},"end":{"line":63,"column":31}},{"start":{"line":63,"column":31},"end":{"line":63,"column":null}}],"line":63},"5":{"loc":{"start":{"line":73,"column":23},"end":{"line":73,"column":null}},"type":"binary-expr","locations":[{"start":{"line":73,"column":23},"end":{"line":73,"column":31}},{"start":{"line":73,"column":31},"end":{"line":73,"column":null}}],"line":73},"6":{"loc":{"start":{"line":83,"column":23},"end":{"line":83,"column":null}},"type":"binary-expr","locations":[{"start":{"line":83,"column":23},"end":{"line":83,"column":31}},{"start":{"line":83,"column":31},"end":{"line":83,"column":null}}],"line":83},"7":{"loc":{"start":{"line":93,"column":23},"end":{"line":93,"column":null}},"type":"binary-expr","locations":[{"start":{"line":93,"column":23},"end":{"line":93,"column":31}},{"start":{"line":93,"column":31},"end":{"line":93,"column":null}}],"line":93},"8":{"loc":{"start":{"line":115,"column":37},"end":{"line":115,"column":null}},"type":"binary-expr","locations":[{"start":{"line":115,"column":37},"end":{"line":115,"column":86}},{"start":{"line":115,"column":47},"end":{"line":115,"column":null}},{"start":{"line":115,"column":96},"end":{"line":115,"column":null}}],"line":115},"9":{"loc":{"start":{"line":128,"column":23},"end":{"line":128,"column":null}},"type":"binary-expr","locations":[{"start":{"line":128,"column":23},"end":{"line":128,"column":31}},{"start":{"line":128,"column":31},"end":{"line":128,"column":null}}],"line":128},"10":{"loc":{"start":{"line":138,"column":23},"end":{"line":138,"column":null}},"type":"binary-expr","locations":[{"start":{"line":138,"column":23},"end":{"line":138,"column":31}},{"start":{"line":138,"column":31},"end":{"line":138,"column":null}}],"line":138},"11":{"loc":{"start":{"line":148,"column":23},"end":{"line":148,"column":null}},"type":"binary-expr","locations":[{"start":{"line":148,"column":23},"end":{"line":148,"column":31}},{"start":{"line":148,"column":31},"end":{"line":148,"column":null}}],"line":148},"12":{"loc":{"start":{"line":160,"column":23},"end":{"line":160,"column":null}},"type":"binary-expr","locations":[{"start":{"line":160,"column":23},"end":{"line":160,"column":31}},{"start":{"line":160,"column":31},"end":{"line":160,"column":null}}],"line":160},"13":{"loc":{"start":{"line":172,"column":38},"end":{"line":172,"column":null}},"type":"binary-expr","locations":[{"start":{"line":172,"column":38},"end":{"line":172,"column":46}},{"start":{"line":172,"column":46},"end":{"line":172,"column":null}}],"line":172},"14":{"loc":{"start":{"line":186,"column":23},"end":{"line":186,"column":null}},"type":"binary-expr","locations":[{"start":{"line":186,"column":23},"end":{"line":186,"column":31}},{"start":{"line":186,"column":31},"end":{"line":186,"column":null}}],"line":186},"15":{"loc":{"start":{"line":200,"column":38},"end":{"line":200,"column":null}},"type":"binary-expr","locations":[{"start":{"line":200,"column":38},"end":{"line":200,"column":46}},{"start":{"line":200,"column":46},"end":{"line":200,"column":null}}],"line":200},"16":{"loc":{"start":{"line":216,"column":37},"end":{"line":216,"column":null}},"type":"binary-expr","locations":[{"start":{"line":216,"column":37},"end":{"line":216,"column":62}},{"start":{"line":216,"column":62},"end":{"line":216,"column":null}}],"line":216},"17":{"loc":{"start":{"line":234,"column":23},"end":{"line":234,"column":null}},"type":"binary-expr","locations":[{"start":{"line":234,"column":23},"end":{"line":234,"column":31}},{"start":{"line":234,"column":31},"end":{"line":234,"column":null}}],"line":234},"18":{"loc":{"start":{"line":254,"column":23},"end":{"line":254,"column":null}},"type":"binary-expr","locations":[{"start":{"line":254,"column":23},"end":{"line":254,"column":31}},{"start":{"line":254,"column":31},"end":{"line":254,"column":null}}],"line":254},"19":{"loc":{"start":{"line":271,"column":21},"end":{"line":271,"column":null}},"type":"binary-expr","locations":[{"start":{"line":271,"column":21},"end":{"line":271,"column":37}},{"start":{"line":271,"column":37},"end":{"line":271,"column":null}}],"line":271},"20":{"loc":{"start":{"line":273,"column":15},"end":{"line":273,"column":50}},"type":"cond-expr","locations":[{"start":{"line":273,"column":24},"end":{"line":273,"column":50}},{"start":{"line":273,"column":24},"end":{"line":273,"column":50}}],"line":273}},"s":{"0":0,"1":0,"2":0,"3":0,"4":0,"5":0,"6":0,"7":0,"8":0,"9":0,"10":0,"11":0,"12":0,"13":0,"14":0,"15":0,"16":0,"17":0,"18":0,"19":0,"20":0,"21":0,"22":0,"23":0,"24":0,"25":0,"26":0,"27":0,"28":0,"29":0,"30":0,"31":0,"32":0,"33":0,"34":0,"35":0,"36":0,"37":0,"38":0,"39":0,"40":0,"41":0,"42":0,"43":0,"44":0,"45":0,"46":0,"47":0,"48":0,"49":0,"50":0,"51":0,"52":0,"53":0,"54":0,"55":0,"56":0,"57":0,"58":0,"59":0},"f":{"0":0,"1":0,"2":0,"3":0,"4":0,"5":0,"6":0,"7":0,"8":0,"9":0,"10":0,"11":0,"12":0,"13":0,"14":0,"15":0,"16":0,"17":0,"18":0,"19":0,"20":0,"21":0,"22":0,"23":0,"24":0,"25":0,"26":0,"27":0,"28":0,"29":0,"30":0,"31":0,"32":0,"33":0,"34":0,"35":0,"36":0,"37":0,"38":0,"39":0,"40":0,"41":0,"42":0,"43":0,"44":0,"45":0,"46":0,"47":0,"48":0},"b":{"0":[0,0],"1":[0,0],"2":[0,0,0],"3":[0,0],"4":[0,0],"5":[0,0],"6":[0,0],"7":[0,0],"8":[0,0,0],"9":[0,0],"10":[0,0],"11":[0,0],"12":[0,0],"13":[0,0],"14":[0,0],"15":[0,0],"16":[0,0],"17":[0,0],"18":[0,0],"19":[0,0],"20":[0,0]},"meta":{"lastBranch":21,"lastFunction":49,"lastStatement":60,"seen":{"s:296:14:296:Infinity":0,"s:305:13:305:Infinity":1,"s:310:21:310:Infinity":2,"s:311:6:311:Infinity":3,"s:316:6:316:Infinity":4,"f:316:23:316:29":0,"s:316:29:316:40":5,"s:321:6:321:Infinity":6,"f:321:25:321:31":1,"s:321:31:321:44":7,"s:326:6:326:Infinity":8,"f:326:27:326:33":2,"s:326:33:326:48":9,"s:331:6:333:Infinity":10,"f:332:2:332:9":3,"s:332:9:332:Infinity":11,"b:332:9:332:59:332:59:332:Infinity":0,"s:334:6:336:Infinity":12,"f:335:2:335:9":4,"s:335:9:335:Infinity":13,"b:335:9:335:65:335:65:335:Infinity":1,"f:341:9:341:24":5,"s:342:2:347:Infinity":14,"f:353:9:353:30":6,"s:354:2:359:Infinity":15,"f:365:9:365:20":7,"s:366:2:366:Infinity":16,"f:3:21:3:30":8,"s:3:21:3:33":17,"f:11:24:11:26":9,"s:11:26:11:Infinity":18,"s:12:16:12:24":19,"f:19:24:19:26":10,"s:19:26:19:Infinity":20,"f:12:13:12:16":11,"s:12:24:12:24":21,"f:20:13:20:32":12,"s:20:32:20:Infinity":22,"f:33:31:33:33":13,"s:33:33:33:Infinity":23,"b:40:37:40:82:40:41:40:Infinity:40:86:40:Infinity":2,"f:48:31:48:33":14,"s:48:33:48:Infinity":24,"f:54:18:54:22":15,"s:54:23:54:Infinity":25,"b:54:23:54:31:54:31:54:Infinity":3,"f:58:31:58:33":16,"s:58:33:58:Infinity":26,"f:63:18:63:22":17,"s:63:23:63:Infinity":27,"b:63:23:63:31:63:31:63:Infinity":4,"f:65:31:65:33":18,"s:65:33:65:Infinity":28,"f:73:18:73:22":19,"s:73:23:73:Infinity":29,"b:73:23:73:31:73:31:73:Infinity":5,"f:77:31:77:33":20,"s:77:33:77:Infinity":30,"f:83:18:83:22":21,"s:83:23:83:Infinity":31,"b:83:23:83:31:83:31:83:Infinity":6,"f:87:31:87:33":22,"s:87:33:87:Infinity":32,"f:93:18:93:22":23,"s:93:23:93:Infinity":33,"b:93:23:93:31:93:31:93:Infinity":7,"f:97:31:97:33":24,"s:97:33:97:Infinity":34,"f:108:31:108:33":25,"s:108:33:108:Infinity":35,"b:115:37:115:86:115:47:115:Infinity:115:96:115:Infinity":8,"f:123:31:123:33":26,"s:123:33:123:Infinity":36,"f:128:18:128:22":27,"s:128:23:128:Infinity":37,"b:128:23:128:31:128:31:128:Infinity":9,"f:132:31:132:33":28,"s:132:33:132:Infinity":38,"f:138:18:138:22":29,"s:138:23:138:Infinity":39,"b:138:23:138:31:138:31:138:Infinity":10,"f:142:31:142:33":30,"s:142:33:142:Infinity":40,"f:148:18:148:22":31,"s:148:23:148:Infinity":41,"b:148:23:148:31:148:31:148:Infinity":11,"f:152:31:152:48":32,"s:152:48:152:Infinity":42,"f:160:18:160:22":33,"s:160:23:160:Infinity":43,"b:160:23:160:31:160:31:160:Infinity":12,"f:164:31:164:48":34,"s:164:48:164:Infinity":44,"f:172:18:172:37":35,"s:172:38:172:Infinity":45,"b:172:38:172:46:172:46:172:Infinity":13,"f:178:31:178:48":36,"s:178:48:178:Infinity":46,"f:186:18:186:22":37,"s:186:23:186:Infinity":47,"b:186:23:186:31:186:31:186:Infinity":14,"f:190:31:190:48":38,"s:190:48:190:Infinity":48,"f:200:18:200:37":39,"s:200:38:200:Infinity":49,"b:200:38:200:46:200:46:200:Infinity":15,"f:206:31:206:48":40,"s:206:48:206:Infinity":50,"f:216:18:216:37":41,"s:216:37:216:Infinity":51,"b:216:37:216:62:216:62:216:Infinity":16,"f:223:31:223:48":42,"s:223:48:223:Infinity":52,"f:234:18:234:22":43,"s:234:23:234:Infinity":53,"b:234:23:234:31:234:31:234:Infinity":17,"f:238:31:238:48":44,"s:238:48:238:Infinity":54,"f:247:31:247:48":45,"s:247:48:247:Infinity":55,"f:254:18:254:22":46,"s:254:23:254:Infinity":56,"b:254:23:254:31:254:31:254:Infinity":18,"f:256:31:256:33":47,"s:256:33:256:Infinity":57,"b:271:21:271:37:271:37:271:Infinity":19,"s:273:15:273:50":58,"b:273:24:273:50:273:24:273:50":20,"f:273:12:273:15":48,"s:273:50:273:50":59}}}
,"/Users/ss/Documents/projects/taxmaro-front-end-assessment/app/composables/useFormData.ts": {"path":"/Users/ss/Documents/projects/taxmaro-front-end-assessment/app/composables/useFormData.ts","statementMap":{"0":{"start":{"line":10,"column":39},"end":{"line":57,"column":null}},"1":{"start":{"line":69,"column":29},"end":{"line":93,"column":null}},"2":{"start":{"line":70,"column":17},"end":{"line":70,"column":null}},"3":{"start":{"line":71,"column":4},"end":{"line":92,"column":null}},"4":{"start":{"line":95,"column":8},"end":{"line":95,"column":null}},"5":{"start":{"line":98,"column":2},"end":{"line":105,"column":null}},"6":{"start":{"line":101,"column":22},"end":{"line":101,"column":null}},"7":{"start":{"line":102,"column":6},"end":{"line":102,"column":null}},"8":{"start":{"line":111,"column":4},"end":{"line":111,"column":null}},"9":{"start":{"line":118,"column":4},"end":{"line":123,"column":null}},"10":{"start":{"line":119,"column":6},"end":{"line":122,"column":null}},"11":{"start":{"line":130,"column":4},"end":{"line":132,"column":null}},"12":{"start":{"line":131,"column":6},"end":{"line":131,"column":null}},"13":{"start":{"line":134,"column":4},"end":{"line":139,"column":null}},"14":{"start":{"line":135,"column":6},"end":{"line":138,"column":null}},"15":{"start":{"line":146,"column":20},"end":{"line":146,"column":null}},"16":{"start":{"line":147,"column":4},"end":{"line":147,"column":null}},"17":{"start":{"line":150,"column":2},"end":{"line":156,"column":null}}},"fnMap":{"0":{"name":"useFormData","decl":{"start":{"line":63,"column":16},"end":{"line":63,"column":null}},"loc":{"start":{"line":65,"column":2},"end":{"line":157,"column":null}},"line":65},"1":{"name":"(anonymous_1)","decl":{"start":{"line":69,"column":29},"end":{"line":69,"column":50}},"loc":{"start":{"line":69,"column":50},"end":{"line":93,"column":null}},"line":69},"2":{"name":"(anonymous_2)","decl":{"start":{"line":100,"column":4},"end":{"line":100,"column":10}},"loc":{"start":{"line":100,"column":10},"end":{"line":103,"column":null}},"line":100},"3":{"name":"handlePersonalUpdate","decl":{"start":{"line":110,"column":11},"end":{"line":110,"column":32}},"loc":{"start":{"line":110,"column":66},"end":{"line":112,"column":null}},"line":110},"4":{"name":"handleBankUpdate","decl":{"start":{"line":117,"column":11},"end":{"line":117,"column":28}},"loc":{"start":{"line":117,"column":62},"end":{"line":124,"column":null}},"line":117},"5":{"name":"handleTaxUpdate","decl":{"start":{"line":129,"column":11},"end":{"line":129,"column":27}},"loc":{"start":{"line":129,"column":61},"end":{"line":140,"column":null}},"line":129},"6":{"name":"refreshFromUserData","decl":{"start":{"line":145,"column":11},"end":{"line":145,"column":33}},"loc":{"start":{"line":145,"column":33},"end":{"line":148,"column":null}},"line":145}},"branchMap":{"0":{"loc":{"start":{"line":72,"column":17},"end":{"line":72,"column":null}},"type":"binary-expr","locations":[{"start":{"line":72,"column":17},"end":{"line":72,"column":36}},{"start":{"line":72,"column":36},"end":{"line":72,"column":null}}],"line":72},"1":{"loc":{"start":{"line":73,"column":16},"end":{"line":73,"column":null}},"type":"binary-expr","locations":[{"start":{"line":73,"column":16},"end":{"line":73,"column":34}},{"start":{"line":73,"column":34},"end":{"line":73,"column":null}}],"line":73},"2":{"loc":{"start":{"line":74,"column":14},"end":{"line":74,"column":null}},"type":"binary-expr","locations":[{"start":{"line":74,"column":14},"end":{"line":74,"column":30}},{"start":{"line":74,"column":30},"end":{"line":74,"column":null}}],"line":74},"3":{"loc":{"start":{"line":75,"column":21},"end":{"line":75,"column":null}},"type":"binary-expr","locations":[{"start":{"line":75,"column":21},"end":{"line":75,"column":44}},{"start":{"line":75,"column":44},"end":{"line":75,"column":null}}],"line":75},"4":{"loc":{"start":{"line":76,"column":13},"end":{"line":76,"column":null}},"type":"binary-expr","locations":[{"start":{"line":76,"column":13},"end":{"line":76,"column":28}},{"start":{"line":76,"column":28},"end":{"line":76,"column":null}}],"line":76},"5":{"loc":{"start":{"line":77,"column":13},"end":{"line":77,"column":null}},"type":"binary-expr","locations":[{"start":{"line":77,"column":13},"end":{"line":77,"column":28}},{"start":{"line":77,"column":28},"end":{"line":77,"column":null}}],"line":77},"6":{"loc":{"start":{"line":78,"column":15},"end":{"line":78,"column":null}},"type":"binary-expr","locations":[{"start":{"line":78,"column":15},"end":{"line":78,"column":32}},{"start":{"line":78,"column":32},"end":{"line":78,"column":null}}],"line":78},"7":{"loc":{"start":{"line":79,"column":12},"end":{"line":79,"column":null}},"type":"binary-expr","locations":[{"start":{"line":79,"column":12},"end":{"line":79,"column":26}},{"start":{"line":79,"column":26},"end":{"line":79,"column":null}}],"line":79},"8":{"loc":{"start":{"line":80,"column":13},"end":{"line":80,"column":null}},"type":"binary-expr","locations":[{"start":{"line":80,"column":13},"end":{"line":80,"column":28}},{"start":{"line":80,"column":28},"end":{"line":80,"column":null}}],"line":80},"9":{"loc":{"start":{"line":81,"column":11},"end":{"line":81,"column":null}},"type":"binary-expr","locations":[{"start":{"line":81,"column":11},"end":{"line":81,"column":24}},{"start":{"line":81,"column":24},"end":{"line":81,"column":null}}],"line":81},"10":{"loc":{"start":{"line":82,"column":15},"end":{"line":82,"column":null}},"type":"binary-expr","locations":[{"start":{"line":82,"column":15},"end":{"line":82,"column":32}},{"start":{"line":82,"column":32},"end":{"line":82,"column":null}}],"line":82},"11":{"loc":{"start":{"line":83,"column":16},"end":{"line":83,"column":null}},"type":"binary-expr","locations":[{"start":{"line":83,"column":16},"end":{"line":83,"column":34}},{"start":{"line":83,"column":34},"end":{"line":83,"column":null}}],"line":83},"12":{"loc":{"start":{"line":84,"column":18},"end":{"line":84,"column":null}},"type":"binary-expr","locations":[{"start":{"line":84,"column":18},"end":{"line":84,"column":38}},{"start":{"line":84,"column":38},"end":{"line":84,"column":null}}],"line":84},"13":{"loc":{"start":{"line":85,"column":18},"end":{"line":87,"column":null}},"type":"cond-expr","locations":[{"start":{"line":86,"column":10},"end":{"line":86,"column":null}},{"start":{"line":87,"column":10},"end":{"line":87,"column":null}}],"line":85},"14":{"loc":{"start":{"line":88,"column":11},"end":{"line":88,"column":null}},"type":"cond-expr","locations":[{"start":{"line":88,"column":23},"end":{"line":88,"column":41}},{"start":{"line":88,"column":41},"end":{"line":88,"column":null}}],"line":88},"15":{"loc":{"start":{"line":89,"column":17},"end":{"line":91,"column":null}},"type":"cond-expr","locations":[{"start":{"line":90,"column":10},"end":{"line":90,"column":null}},{"start":{"line":91,"column":10},"end":{"line":91,"column":null}}],"line":89},"16":{"loc":{"start":{"line":118,"column":4},"end":{"line":123,"column":null}},"type":"if","locations":[{"start":{"line":118,"column":4},"end":{"line":123,"column":null}},{"start":{},"end":{}}],"line":118},"17":{"loc":{"start":{"line":130,"column":4},"end":{"line":132,"column":null}},"type":"if","locations":[{"start":{"line":130,"column":4},"end":{"line":132,"column":null}},{"start":{},"end":{}}],"line":130},"18":{"loc":{"start":{"line":134,"column":4},"end":{"line":139,"column":null}},"type":"if","locations":[{"start":{"line":134,"column":4},"end":{"line":139,"column":null}},{"start":{},"end":{}}],"line":134}},"s":{"0":1,"1":5,"2":5,"3":5,"4":5,"5":5,"6":0,"7":0,"8":1,"9":1,"10":1,"11":1,"12":1,"13":1,"14":1,"15":0,"16":0,"17":5},"f":{"0":5,"1":5,"2":0,"3":1,"4":1,"5":1,"6":0},"b":{"0":[5,4],"1":[5,4],"2":[5,5],"3":[5,5],"4":[5,5],"5":[5,5],"6":[5,5],"7":[5,5],"8":[5,5],"9":[5,5],"10":[5,4],"11":[5,5],"12":[5,5],"13":[1,4],"14":[1,4],"15":[1,4],"16":[1,0],"17":[1,0],"18":[1,0]},"meta":{"lastBranch":19,"lastFunction":7,"lastStatement":18,"seen":{"s:10:39:57:Infinity":0,"f:63:16:63:Infinity":0,"s:69:29:93:Infinity":1,"f:69:29:69:50":1,"s:70:17:70:Infinity":2,"s:71:4:92:Infinity":3,"b:72:17:72:36:72:36:72:Infinity":0,"b:73:16:73:34:73:34:73:Infinity":1,"b:74:14:74:30:74:30:74:Infinity":2,"b:75:21:75:44:75:44:75:Infinity":3,"b:76:13:76:28:76:28:76:Infinity":4,"b:77:13:77:28:77:28:77:Infinity":5,"b:78:15:78:32:78:32:78:Infinity":6,"b:79:12:79:26:79:26:79:Infinity":7,"b:80:13:80:28:80:28:80:Infinity":8,"b:81:11:81:24:81:24:81:Infinity":9,"b:82:15:82:32:82:32:82:Infinity":10,"b:83:16:83:34:83:34:83:Infinity":11,"b:84:18:84:38:84:38:84:Infinity":12,"b:86:10:86:Infinity:87:10:87:Infinity":13,"b:88:23:88:41:88:41:88:Infinity":14,"b:90:10:90:Infinity:91:10:91:Infinity":15,"s:95:8:95:Infinity":4,"s:98:2:105:Infinity":5,"f:100:4:100:10":2,"s:101:22:101:Infinity":6,"s:102:6:102:Infinity":7,"f:110:11:110:32":3,"s:111:4:111:Infinity":8,"f:117:11:117:28":4,"b:118:4:123:Infinity:undefined:undefined:undefined:undefined":16,"s:118:4:123:Infinity":9,"s:119:6:122:Infinity":10,"f:129:11:129:27":5,"b:130:4:132:Infinity:undefined:undefined:undefined:undefined":17,"s:130:4:132:Infinity":11,"s:131:6:131:Infinity":12,"b:134:4:139:Infinity:undefined:undefined:undefined:undefined":18,"s:134:4:139:Infinity":13,"s:135:6:138:Infinity":14,"f:145:11:145:33":6,"s:146:20:146:Infinity":15,"s:147:4:147:Infinity":16,"s:150:2:156:Infinity":17}}}
,"/Users/ss/Documents/projects/taxmaro-front-end-assessment/app/composables/useFormValidation.ts": {"path":"/Users/ss/Documents/projects/taxmaro-front-end-assessment/app/composables/useFormValidation.ts","statementMap":{"0":{"start":{"line":27,"column":8},"end":{"line":27,"column":null}},"1":{"start":{"line":44,"column":4},"end":{"line":99,"column":null}},"2":{"start":{"line":45,"column":6},"end":{"line":45,"column":null}},"3":{"start":{"line":48,"column":6},"end":{"line":51,"column":null}},"4":{"start":{"line":49,"column":8},"end":{"line":49,"column":null}},"5":{"start":{"line":50,"column":8},"end":{"line":50,"column":null}},"6":{"start":{"line":54,"column":27},"end":{"line":54,"column":null}},"7":{"start":{"line":56,"column":6},"end":{"line":64,"column":null}},"8":{"start":{"line":57,"column":8},"end":{"line":57,"column":null}},"9":{"start":{"line":58,"column":8},"end":{"line":63,"column":null}},"10":{"start":{"line":68,"column":8},"end":{"line":68,"column":null}},"11":{"start":{"line":70,"column":6},"end":{"line":70,"column":null}},"12":{"start":{"line":73,"column":6},"end":{"line":88,"column":null}},"13":{"start":{"line":74,"column":25},"end":{"line":74,"column":null}},"14":{"start":{"line":75,"column":32},"end":{"line":78,"column":null}},"15":{"start":{"line":75,"column":62},"end":{"line":78,"column":10}},"16":{"start":{"line":80,"column":8},"end":{"line":82,"column":null}},"17":{"start":{"line":81,"column":22},"end":{"line":81,"column":47}},"18":{"start":{"line":84,"column":8},"end":{"line":87,"column":null}},"19":{"start":{"line":92,"column":8},"end":{"line":92,"column":null}},"20":{"start":{"line":93,"column":6},"end":{"line":93,"column":null}},"21":{"start":{"line":95,"column":6},"end":{"line":98,"column":null}},"22":{"start":{"line":106,"column":4},"end":{"line":106,"column":null}},"23":{"start":{"line":109,"column":2},"end":{"line":113,"column":null}}},"fnMap":{"0":{"name":"useFormValidation","decl":{"start":{"line":26,"column":16},"end":{"line":26,"column":36}},"loc":{"start":{"line":26,"column":36},"end":{"line":114,"column":null}},"line":26},"1":{"name":"validatePayload","decl":{"start":{"line":37,"column":17},"end":{"line":37,"column":null}},"loc":{"start":{"line":43,"column":5},"end":{"line":100,"column":null}},"line":43},"2":{"name":"(anonymous_2)","decl":{"start":{"line":75,"column":52},"end":{"line":75,"column":53}},"loc":{"start":{"line":75,"column":62},"end":{"line":78,"column":10}},"line":75},"3":{"name":"(anonymous_3)","decl":{"start":{"line":81,"column":15},"end":{"line":81,"column":16}},"loc":{"start":{"line":81,"column":22},"end":{"line":81,"column":47}},"line":81},"4":{"name":"clearErrors","decl":{"start":{"line":105,"column":11},"end":{"line":105,"column":25}},"loc":{"start":{"line":105,"column":25},"end":{"line":107,"column":null}},"line":105}},"branchMap":{"0":{"loc":{"start":{"line":48,"column":6},"end":{"line":51,"column":null}},"type":"if","locations":[{"start":{"line":48,"column":6},"end":{"line":51,"column":null}},{"start":{},"end":{}}],"line":48},"1":{"loc":{"start":{"line":56,"column":6},"end":{"line":64,"column":null}},"type":"if","locations":[{"start":{"line":56,"column":6},"end":{"line":64,"column":null}},{"start":{},"end":{}}],"line":56},"2":{"loc":{"start":{"line":73,"column":6},"end":{"line":88,"column":null}},"type":"if","locations":[{"start":{"line":73,"column":6},"end":{"line":88,"column":null}},{"start":{},"end":{}}],"line":73},"3":{"loc":{"start":{"line":73,"column":10},"end":{"line":73,"column":67}},"type":"binary-expr","locations":[{"start":{"line":73,"column":10},"end":{"line":73,"column":19}},{"start":{"line":73,"column":19},"end":{"line":73,"column":48}},{"start":{"line":73,"column":48},"end":{"line":73,"column":67}}],"line":73},"4":{"loc":{"start":{"line":92,"column":8},"end":{"line":92,"column":null}},"type":"cond-expr","locations":[{"start":{"line":92,"column":33},"end":{"line":92,"column":49}},{"start":{"line":92,"column":49},"end":{"line":92,"column":null}}],"line":92}},"s":{"0":4,"1":4,"2":4,"3":4,"4":2,"5":2,"6":2,"7":2,"8":1,"9":1,"10":1,"11":1,"12":1,"13":0,"14":0,"15":0,"16":0,"17":0,"18":0,"19":1,"20":1,"21":1,"22":0,"23":4},"f":{"0":4,"1":4,"2":0,"3":0,"4":0},"b":{"0":[2,2],"1":[1,1],"2":[0,1],"3":[1,1,1],"4":[1,0]},"meta":{"lastBranch":5,"lastFunction":5,"lastStatement":24,"seen":{"f:26:16:26:36":0,"s:27:8:27:Infinity":0,"f:37:17:37:Infinity":1,"s:44:4:99:Infinity":1,"s:45:6:45:Infinity":2,"b:48:6:51:Infinity:undefined:undefined:undefined:undefined":0,"s:48:6:51:Infinity":3,"s:49:8:49:Infinity":4,"s:50:8:50:Infinity":5,"s:54:27:54:Infinity":6,"b:56:6:64:Infinity:undefined:undefined:undefined:undefined":1,"s:56:6:64:Infinity":7,"s:57:8:57:Infinity":8,"s:58:8:63:Infinity":9,"s:68:8:68:Infinity":10,"s:70:6:70:Infinity":11,"b:73:6:88:Infinity:undefined:undefined:undefined:undefined":2,"s:73:6:88:Infinity":12,"b:73:10:73:19:73:19:73:48:73:48:73:67":3,"s:74:25:74:Infinity":13,"s:75:32:78:Infinity":14,"f:75:52:75:53":2,"s:75:62:78:10":15,"s:80:8:82:Infinity":16,"f:81:15:81:16":3,"s:81:22:81:47":17,"s:84:8:87:Infinity":18,"s:92:8:92:Infinity":19,"b:92:33:92:49:92:49:92:Infinity":4,"s:93:6:93:Infinity":20,"s:95:6:98:Infinity":21,"f:105:11:105:25":4,"s:106:4:106:Infinity":22,"s:109:2:113:Infinity":23}}}
,"/Users/ss/Documents/projects/taxmaro-front-end-assessment/app/composables/useMe.ts": {"path":"/Users/ss/Documents/projects/taxmaro-front-end-assessment/app/composables/useMe.ts","statementMap":{"0":{"start":{"line":14,"column":31},"end":{"line":14,"column":null}},"1":{"start":{"line":14,"column":60},"end":{"line":14,"column":77}},"2":{"start":{"line":16,"column":8},"end":{"line":16,"column":null}},"3":{"start":{"line":25,"column":4},"end":{"line":25,"column":null}},"4":{"start":{"line":26,"column":4},"end":{"line":45,"column":null}},"5":{"start":{"line":28,"column":6},"end":{"line":28,"column":null}},"6":{"start":{"line":29,"column":6},"end":{"line":32,"column":null}},"7":{"start":{"line":33,"column":6},"end":{"line":33,"column":null}},"8":{"start":{"line":34,"column":6},"end":{"line":34,"column":null}},"9":{"start":{"line":36,"column":6},"end":{"line":38,"column":null}},"10":{"start":{"line":37,"column":8},"end":{"line":37,"column":null}},"11":{"start":{"line":39,"column":6},"end":{"line":42,"column":null}},"12":{"start":{"line":44,"column":6},"end":{"line":44,"column":null}},"13":{"start":{"line":48,"column":2},"end":{"line":54,"column":null}}},"fnMap":{"0":{"name":"useMe","decl":{"start":{"line":12,"column":16},"end":{"line":12,"column":24}},"loc":{"start":{"line":12,"column":24},"end":{"line":55,"column":null}},"line":12},"1":{"name":"(anonymous_1)","decl":{"start":{"line":14,"column":54},"end":{"line":14,"column":60}},"loc":{"start":{"line":14,"column":60},"end":{"line":14,"column":77}},"line":14},"2":{"name":"updateMe","decl":{"start":{"line":24,"column":17},"end":{"line":24,"column":26}},"loc":{"start":{"line":24,"column":70},"end":{"line":46,"column":null}},"line":24}},"branchMap":{"0":{"loc":{"start":{"line":36,"column":6},"end":{"line":38,"column":null}},"type":"if","locations":[{"start":{"line":36,"column":6},"end":{"line":38,"column":null}},{"start":{},"end":{}}],"line":36},"1":{"loc":{"start":{"line":36,"column":10},"end":{"line":36,"column":55}},"type":"binary-expr","locations":[{"start":{"line":36,"column":10},"end":{"line":36,"column":15}},{"start":{"line":36,"column":15},"end":{"line":36,"column":40}},{"start":{"line":36,"column":40},"end":{"line":36,"column":55}}],"line":36},"2":{"loc":{"start":{"line":41,"column":15},"end":{"line":41,"column":null}},"type":"cond-expr","locations":[{"start":{"line":41,"column":36},"end":{"line":41,"column":48}},{"start":{"line":41,"column":48},"end":{"line":41,"column":null}}],"line":41}},"s":{"0":0,"1":0,"2":0,"3":0,"4":0,"5":0,"6":0,"7":0,"8":0,"9":0,"10":0,"11":0,"12":0,"13":0},"f":{"0":0,"1":0,"2":0},"b":{"0":[0,0],"1":[0,0,0],"2":[0,0]},"meta":{"lastBranch":3,"lastFunction":3,"lastStatement":14,"seen":{"f:12:16:12:24":0,"s:14:31:14:Infinity":0,"f:14:54:14:60":1,"s:14:60:14:77":1,"s:16:8:16:Infinity":2,"f:24:17:24:26":2,"s:25:4:25:Infinity":3,"s:26:4:45:Infinity":4,"s:28:6:28:Infinity":5,"s:29:6:32:Infinity":6,"s:33:6:33:Infinity":7,"s:34:6:34:Infinity":8,"b:36:6:38:Infinity:undefined:undefined:undefined:undefined":0,"s:36:6:38:Infinity":9,"b:36:10:36:15:36:15:36:40:36:40:36:55":1,"s:37:8:37:Infinity":10,"s:39:6:42:Infinity":11,"b:41:36:41:48:41:48:41:Infinity":2,"s:44:6:44:Infinity":12,"s:48:2:54:Infinity":13}}}
,"/Users/ss/Documents/projects/taxmaro-front-end-assessment/app/layouts/default.vue": {"path":"/Users/ss/Documents/projects/taxmaro-front-end-assessment/app/layouts/default.vue","statementMap":{"0":{"start":{"line":3,"column":15},"end":{"line":3,"column":54}},"1":{"start":{"line":9,"column":16},"end":{"line":9,"column":null}}},"fnMap":{"0":{"name":"(anonymous_0)","decl":{"start":{"line":9,"column":8},"end":{"line":9,"column":16}},"loc":{"start":{"line":9,"column":16},"end":{"line":9,"column":null}},"line":9}},"branchMap":{},"s":{"0":0,"1":0},"f":{"0":0},"b":{},"meta":{"lastBranch":0,"lastFunction":1,"lastStatement":2,"seen":{"s:3:15:3:54":0,"f:9:8:9:16":0,"s:9:16:9:Infinity":1}}}
,"/Users/ss/Documents/projects/taxmaro-front-end-assessment/app/layouts/personal.vue": {"path":"/Users/ss/Documents/projects/taxmaro-front-end-assessment/app/layouts/personal.vue","statementMap":{"0":{"start":{"line":3,"column":15},"end":{"line":3,"column":54}}},"fnMap":{},"branchMap":{},"s":{"0":0},"f":{},"b":{},"meta":{"lastBranch":0,"lastFunction":0,"lastStatement":1,"seen":{"s:3:15:3:54":0}}}
,"/Users/ss/Documents/projects/taxmaro-front-end-assessment/app/pages/index.vue": {"path":"/Users/ss/Documents/projects/taxmaro-front-end-assessment/app/pages/index.vue","statementMap":{"0":{"start":{"line":2,"column":7},"end":{"line":2,"column":null}}},"fnMap":{},"branchMap":{},"s":{"0":0},"f":{},"b":{},"meta":{"lastBranch":0,"lastFunction":0,"lastStatement":1,"seen":{"s:2:7:2:Infinity":0}}}
,"/Users/ss/Documents/projects/taxmaro-front-end-assessment/app/pages/personal/bank.vue": {"path":"/Users/ss/Documents/projects/taxmaro-front-end-assessment/app/pages/personal/bank.vue","statementMap":{"0":{"start":{"line":24,"column":0},"end":{"line":26,"column":null}},"1":{"start":{"line":32,"column":33},"end":{"line":32,"column":null}},"2":{"start":{"line":33,"column":24},"end":{"line":33,"column":null}},"3":{"start":{"line":38,"column":35},"end":{"line":38,"column":null}},"4":{"start":{"line":43,"column":6},"end":{"line":43,"column":null}},"5":{"start":{"line":44,"column":6},"end":{"line":44,"column":null}},"6":{"start":{"line":45,"column":6},"end":{"line":45,"column":null}},"7":{"start":{"line":51,"column":2},"end":{"line":51,"column":null}},"8":{"start":{"line":58,"column":2},"end":{"line":58,"column":null}},"9":{"start":{"line":65,"column":2},"end":{"line":65,"column":null}},"10":{"start":{"line":66,"column":2},"end":{"line":66,"column":null}},"11":{"start":{"line":67,"column":2},"end":{"line":67,"column":null}},"12":{"start":{"line":69,"column":2},"end":{"line":105,"column":null}},"13":{"start":{"line":70,"column":20},"end":{"line":72,"column":null}},"14":{"start":{"line":75,"column":29},"end":{"line":78,"column":null}},"15":{"start":{"line":80,"column":4},"end":{"line":86,"column":null}},"16":{"start":{"line":81,"column":6},"end":{"line":84,"column":null}},"17":{"start":{"line":83,"column":47},"end":{"line":83,"column":72}},"18":{"start":{"line":85,"column":6},"end":{"line":85,"column":null}},"19":{"start":{"line":89,"column":19},"end":{"line":89,"column":null}},"20":{"start":{"line":91,"column":4},"end":{"line":99,"column":null}},"21":{"start":{"line":92,"column":6},"end":{"line":92,"column":null}},"22":{"start":{"line":93,"column":6},"end":{"line":95,"column":null}},"23":{"start":{"line":94,"column":8},"end":{"line":94,"column":null}},"24":{"start":{"line":97,"column":6},"end":{"line":98,"column":null}},"25":{"start":{"line":101,"column":4},"end":{"line":102,"column":null}},"26":{"start":{"line":104,"column":4},"end":{"line":104,"column":null}},"27":{"start":{"line":2,"column":7},"end":{"line":2,"column":null}}},"fnMap":{"0":{"name":"handleUpdate","decl":{"start":{"line":50,"column":9},"end":{"line":50,"column":22}},"loc":{"start":{"line":50,"column":56},"end":{"line":52,"column":null}},"line":50},"1":{"name":"handleSubmit","decl":{"start":{"line":57,"column":9},"end":{"line":57,"column":24}},"loc":{"start":{"line":57,"column":24},"end":{"line":59,"column":null}},"line":57},"2":{"name":"handleFormSubmit","decl":{"start":{"line":64,"column":15},"end":{"line":64,"column":34}},"loc":{"start":{"line":64,"column":34},"end":{"line":106,"column":null}},"line":64},"3":{"name":"(anonymous_3)","decl":{"start":{"line":83,"column":16},"end":{"line":83,"column":17}},"loc":{"start":{"line":83,"column":47},"end":{"line":83,"column":72}},"line":83},"4":{"name":"(anonymous_4)","decl":{"start":{"line":93,"column":17},"end":{"line":93,"column":23}},"loc":{"start":{"line":93,"column":23},"end":{"line":95,"column":9}},"line":93}},"branchMap":{"0":{"loc":{"start":{"line":80,"column":4},"end":{"line":86,"column":null}},"type":"if","locations":[{"start":{"line":80,"column":4},"end":{"line":86,"column":null}},{"start":{},"end":{}}],"line":80},"1":{"loc":{"start":{"line":82,"column":8},"end":{"line":84,"column":null}},"type":"binary-expr","locations":[{"start":{"line":82,"column":8},"end":{"line":84,"column":25}},{"start":{"line":84,"column":25},"end":{"line":84,"column":null}}],"line":82},"2":{"loc":{"start":{"line":91,"column":4},"end":{"line":99,"column":null}},"type":"if","locations":[{"start":{"line":91,"column":4},"end":{"line":99,"column":null}},{"start":{"line":96,"column":11},"end":{"line":99,"column":null}}],"line":91},"3":{"loc":{"start":{"line":98,"column":8},"end":{"line":98,"column":null}},"type":"cond-expr","locations":[{"start":{"line":98,"column":43},"end":{"line":98,"column":58}},{"start":{"line":98,"column":58},"end":{"line":98,"column":null}}],"line":98},"4":{"loc":{"start":{"line":102,"column":6},"end":{"line":102,"column":null}},"type":"cond-expr","locations":[{"start":{"line":102,"column":29},"end":{"line":102,"column":43}},{"start":{"line":102,"column":43},"end":{"line":102,"column":null}}],"line":102}},"s":{"0":0,"1":0,"2":0,"3":0,"4":0,"5":0,"6":0,"7":0,"8":0,"9":0,"10":0,"11":0,"12":0,"13":0,"14":0,"15":0,"16":0,"17":0,"18":0,"19":0,"20":0,"21":0,"22":0,"23":0,"24":0,"25":0,"26":0,"27":0},"f":{"0":0,"1":0,"2":0,"3":0,"4":0},"b":{"0":[0,0],"1":[0,0],"2":[0,0],"3":[0,0],"4":[0,0]},"meta":{"lastBranch":5,"lastFunction":5,"lastStatement":28,"seen":{"s:24:0:26:Infinity":0,"s:32:33:32:Infinity":1,"s:33:24:33:Infinity":2,"s:38:35:38:Infinity":3,"s:43:6:43:Infinity":4,"s:44:6:44:Infinity":5,"s:45:6:45:Infinity":6,"f:50:9:50:22":0,"s:51:2:51:Infinity":7,"f:57:9:57:24":1,"s:58:2:58:Infinity":8,"f:64:15:64:34":2,"s:65:2:65:Infinity":9,"s:66:2:66:Infinity":10,"s:67:2:67:Infinity":11,"s:69:2:105:Infinity":12,"s:70:20:72:Infinity":13,"s:75:29:78:Infinity":14,"b:80:4:86:Infinity:undefined:undefined:undefined:undefined":0,"s:80:4:86:Infinity":15,"s:81:6:84:Infinity":16,"b:82:8:84:25:84:25:84:Infinity":1,"f:83:16:83:17":3,"s:83:47:83:72":17,"s:85:6:85:Infinity":18,"s:89:19:89:Infinity":19,"b:91:4:99:Infinity:96:11:99:Infinity":2,"s:91:4:99:Infinity":20,"s:92:6:92:Infinity":21,"s:93:6:95:Infinity":22,"f:93:17:93:23":4,"s:94:8:94:Infinity":23,"s:97:6:98:Infinity":24,"b:98:43:98:58:98:58:98:Infinity":3,"s:101:4:102:Infinity":25,"b:102:29:102:43:102:43:102:Infinity":4,"s:104:4:104:Infinity":26,"s:2:7:2:Infinity":27}}}
,"/Users/ss/Documents/projects/taxmaro-front-end-assessment/app/pages/personal/index.vue": {"path":"/Users/ss/Documents/projects/taxmaro-front-end-assessment/app/pages/personal/index.vue","statementMap":{"0":{"start":{"line":24,"column":0},"end":{"line":26,"column":null}},"1":{"start":{"line":32,"column":33},"end":{"line":32,"column":null}},"2":{"start":{"line":33,"column":24},"end":{"line":33,"column":null}},"3":{"start":{"line":38,"column":39},"end":{"line":38,"column":null}},"4":{"start":{"line":43,"column":6},"end":{"line":43,"column":null}},"5":{"start":{"line":44,"column":6},"end":{"line":44,"column":null}},"6":{"start":{"line":45,"column":6},"end":{"line":45,"column":null}},"7":{"start":{"line":51,"column":2},"end":{"line":51,"column":null}},"8":{"start":{"line":58,"column":2},"end":{"line":58,"column":null}},"9":{"start":{"line":65,"column":2},"end":{"line":65,"column":null}},"10":{"start":{"line":66,"column":2},"end":{"line":66,"column":null}},"11":{"start":{"line":67,"column":2},"end":{"line":67,"column":null}},"12":{"start":{"line":69,"column":2},"end":{"line":113,"column":null}},"13":{"start":{"line":70,"column":20},"end":{"line":83,"column":null}},"14":{"start":{"line":86,"column":29},"end":{"line":86,"column":null}},"15":{"start":{"line":88,"column":4},"end":{"line":94,"column":null}},"16":{"start":{"line":89,"column":6},"end":{"line":92,"column":null}},"17":{"start":{"line":91,"column":47},"end":{"line":91,"column":72}},"18":{"start":{"line":93,"column":6},"end":{"line":93,"column":null}},"19":{"start":{"line":97,"column":19},"end":{"line":97,"column":null}},"20":{"start":{"line":99,"column":4},"end":{"line":107,"column":null}},"21":{"start":{"line":100,"column":6},"end":{"line":100,"column":null}},"22":{"start":{"line":101,"column":6},"end":{"line":103,"column":null}},"23":{"start":{"line":102,"column":8},"end":{"line":102,"column":null}},"24":{"start":{"line":105,"column":6},"end":{"line":106,"column":null}},"25":{"start":{"line":109,"column":4},"end":{"line":110,"column":null}},"26":{"start":{"line":112,"column":4},"end":{"line":112,"column":null}},"27":{"start":{"line":2,"column":7},"end":{"line":2,"column":null}}},"fnMap":{"0":{"name":"handleUpdate","decl":{"start":{"line":50,"column":9},"end":{"line":50,"column":22}},"loc":{"start":{"line":50,"column":56},"end":{"line":52,"column":null}},"line":50},"1":{"name":"handleSubmit","decl":{"start":{"line":57,"column":9},"end":{"line":57,"column":24}},"loc":{"start":{"line":57,"column":24},"end":{"line":59,"column":null}},"line":57},"2":{"name":"handleFormSubmit","decl":{"start":{"line":64,"column":15},"end":{"line":64,"column":34}},"loc":{"start":{"line":64,"column":34},"end":{"line":114,"column":null}},"line":64},"3":{"name":"(anonymous_3)","decl":{"start":{"line":91,"column":16},"end":{"line":91,"column":17}},"loc":{"start":{"line":91,"column":47},"end":{"line":91,"column":72}},"line":91},"4":{"name":"(anonymous_4)","decl":{"start":{"line":101,"column":17},"end":{"line":101,"column":23}},"loc":{"start":{"line":101,"column":23},"end":{"line":103,"column":9}},"line":101}},"branchMap":{"0":{"loc":{"start":{"line":88,"column":4},"end":{"line":94,"column":null}},"type":"if","locations":[{"start":{"line":88,"column":4},"end":{"line":94,"column":null}},{"start":{},"end":{}}],"line":88},"1":{"loc":{"start":{"line":90,"column":8},"end":{"line":92,"column":null}},"type":"binary-expr","locations":[{"start":{"line":90,"column":8},"end":{"line":92,"column":25}},{"start":{"line":92,"column":25},"end":{"line":92,"column":null}}],"line":90},"2":{"loc":{"start":{"line":99,"column":4},"end":{"line":107,"column":null}},"type":"if","locations":[{"start":{"line":99,"column":4},"end":{"line":107,"column":null}},{"start":{"line":104,"column":11},"end":{"line":107,"column":null}}],"line":99},"3":{"loc":{"start":{"line":106,"column":8},"end":{"line":106,"column":null}},"type":"cond-expr","locations":[{"start":{"line":106,"column":43},"end":{"line":106,"column":58}},{"start":{"line":106,"column":58},"end":{"line":106,"column":null}}],"line":106},"4":{"loc":{"start":{"line":110,"column":6},"end":{"line":110,"column":null}},"type":"cond-expr","locations":[{"start":{"line":110,"column":29},"end":{"line":110,"column":43}},{"start":{"line":110,"column":43},"end":{"line":110,"column":null}}],"line":110}},"s":{"0":0,"1":0,"2":0,"3":0,"4":0,"5":0,"6":0,"7":0,"8":0,"9":0,"10":0,"11":0,"12":0,"13":0,"14":0,"15":0,"16":0,"17":0,"18":0,"19":0,"20":0,"21":0,"22":0,"23":0,"24":0,"25":0,"26":0,"27":0},"f":{"0":0,"1":0,"2":0,"3":0,"4":0},"b":{"0":[0,0],"1":[0,0],"2":[0,0],"3":[0,0],"4":[0,0]},"meta":{"lastBranch":5,"lastFunction":5,"lastStatement":28,"seen":{"s:24:0:26:Infinity":0,"s:32:33:32:Infinity":1,"s:33:24:33:Infinity":2,"s:38:39:38:Infinity":3,"s:43:6:43:Infinity":4,"s:44:6:44:Infinity":5,"s:45:6:45:Infinity":6,"f:50:9:50:22":0,"s:51:2:51:Infinity":7,"f:57:9:57:24":1,"s:58:2:58:Infinity":8,"f:64:15:64:34":2,"s:65:2:65:Infinity":9,"s:66:2:66:Infinity":10,"s:67:2:67:Infinity":11,"s:69:2:113:Infinity":12,"s:70:20:83:Infinity":13,"s:86:29:86:Infinity":14,"b:88:4:94:Infinity:undefined:undefined:undefined:undefined":0,"s:88:4:94:Infinity":15,"s:89:6:92:Infinity":16,"b:90:8:92:25:92:25:92:Infinity":1,"f:91:16:91:17":3,"s:91:47:91:72":17,"s:93:6:93:Infinity":18,"s:97:19:97:Infinity":19,"b:99:4:107:Infinity:104:11:107:Infinity":2,"s:99:4:107:Infinity":20,"s:100:6:100:Infinity":21,"s:101:6:103:Infinity":22,"f:101:17:101:23":4,"s:102:8:102:Infinity":23,"s:105:6:106:Infinity":24,"b:106:43:106:58:106:58:106:Infinity":3,"s:109:4:110:Infinity":25,"b:110:29:110:43:110:43:110:Infinity":4,"s:112:4:112:Infinity":26,"s:2:7:2:Infinity":27}}}
,"/Users/ss/Documents/projects/taxmaro-front-end-assessment/app/pages/personal/tax.vue": {"path":"/Users/ss/Documents/projects/taxmaro-front-end-assessment/app/pages/personal/tax.vue","statementMap":{"0":{"start":{"line":24,"column":0},"end":{"line":26,"column":null}},"1":{"start":{"line":32,"column":33},"end":{"line":32,"column":null}},"2":{"start":{"line":33,"column":24},"end":{"line":33,"column":null}},"3":{"start":{"line":38,"column":34},"end":{"line":38,"column":null}},"4":{"start":{"line":43,"column":6},"end":{"line":43,"column":null}},"5":{"start":{"line":44,"column":6},"end":{"line":44,"column":null}},"6":{"start":{"line":45,"column":6},"end":{"line":45,"column":null}},"7":{"start":{"line":51,"column":2},"end":{"line":51,"column":null}},"8":{"start":{"line":58,"column":2},"end":{"line":58,"column":null}},"9":{"start":{"line":65,"column":2},"end":{"line":65,"column":null}},"10":{"start":{"line":66,"column":2},"end":{"line":66,"column":null}},"11":{"start":{"line":67,"column":2},"end":{"line":67,"column":null}},"12":{"start":{"line":69,"column":2},"end":{"line":114,"column":null}},"13":{"start":{"line":70,"column":20},"end":{"line":73,"column":null}},"14":{"start":{"line":76,"column":26},"end":{"line":76,"column":null}},"15":{"start":{"line":77,"column":32},"end":{"line":80,"column":null}},"16":{"start":{"line":81,"column":29},"end":{"line":87,"column":null}},"17":{"start":{"line":89,"column":4},"end":{"line":95,"column":null}},"18":{"start":{"line":90,"column":6},"end":{"line":93,"column":null}},"19":{"start":{"line":92,"column":47},"end":{"line":92,"column":72}},"20":{"start":{"line":94,"column":6},"end":{"line":94,"column":null}},"21":{"start":{"line":98,"column":19},"end":{"line":98,"column":null}},"22":{"start":{"line":100,"column":4},"end":{"line":108,"column":null}},"23":{"start":{"line":101,"column":6},"end":{"line":101,"column":null}},"24":{"start":{"line":102,"column":6},"end":{"line":104,"column":null}},"25":{"start":{"line":103,"column":8},"end":{"line":103,"column":null}},"26":{"start":{"line":106,"column":6},"end":{"line":107,"column":null}},"27":{"start":{"line":110,"column":4},"end":{"line":111,"column":null}},"28":{"start":{"line":113,"column":4},"end":{"line":113,"column":null}},"29":{"start":{"line":2,"column":7},"end":{"line":2,"column":null}}},"fnMap":{"0":{"name":"handleUpdate","decl":{"start":{"line":50,"column":9},"end":{"line":50,"column":22}},"loc":{"start":{"line":50,"column":56},"end":{"line":52,"column":null}},"line":50},"1":{"name":"handleSubmit","decl":{"start":{"line":57,"column":9},"end":{"line":57,"column":24}},"loc":{"start":{"line":57,"column":24},"end":{"line":59,"column":null}},"line":57},"2":{"name":"handleFormSubmit","decl":{"start":{"line":64,"column":15},"end":{"line":64,"column":34}},"loc":{"start":{"line":64,"column":34},"end":{"line":115,"column":null}},"line":64},"3":{"name":"(anonymous_3)","decl":{"start":{"line":92,"column":16},"end":{"line":92,"column":17}},"loc":{"start":{"line":92,"column":47},"end":{"line":92,"column":72}},"line":92},"4":{"name":"(anonymous_4)","decl":{"start":{"line":102,"column":17},"end":{"line":102,"column":23}},"loc":{"start":{"line":102,"column":23},"end":{"line":104,"column":9}},"line":102}},"branchMap":{"0":{"loc":{"start":{"line":82,"column":15},"end":{"line":82,"column":null}},"type":"binary-expr","locations":[{"start":{"line":82,"column":15},"end":{"line":82,"column":40}},{"start":{"line":82,"column":40},"end":{"line":82,"column":null}}],"line":82},"1":{"loc":{"start":{"line":84,"column":12},"end":{"line":84,"column":null}},"type":"binary-expr","locations":[{"start":{"line":84,"column":12},"end":{"line":84,"column":36}},{"start":{"line":84,"column":36},"end":{"line":84,"column":null}}],"line":84},"2":{"loc":{"start":{"line":85,"column":12},"end":{"line":85,"column":null}},"type":"binary-expr","locations":[{"start":{"line":85,"column":12},"end":{"line":85,"column":42}},{"start":{"line":85,"column":42},"end":{"line":85,"column":null}}],"line":85},"3":{"loc":{"start":{"line":89,"column":4},"end":{"line":95,"column":null}},"type":"if","locations":[{"start":{"line":89,"column":4},"end":{"line":95,"column":null}},{"start":{},"end":{}}],"line":89},"4":{"loc":{"start":{"line":91,"column":8},"end":{"line":93,"column":null}},"type":"binary-expr","locations":[{"start":{"line":91,"column":8},"end":{"line":93,"column":25}},{"start":{"line":93,"column":25},"end":{"line":93,"column":null}}],"line":91},"5":{"loc":{"start":{"line":100,"column":4},"end":{"line":108,"column":null}},"type":"if","locations":[{"start":{"line":100,"column":4},"end":{"line":108,"column":null}},{"start":{"line":105,"column":11},"end":{"line":108,"column":null}}],"line":100},"6":{"loc":{"start":{"line":107,"column":8},"end":{"line":107,"column":null}},"type":"cond-expr","locations":[{"start":{"line":107,"column":43},"end":{"line":107,"column":58}},{"start":{"line":107,"column":58},"end":{"line":107,"column":null}}],"line":107},"7":{"loc":{"start":{"line":111,"column":6},"end":{"line":111,"column":null}},"type":"cond-expr","locations":[{"start":{"line":111,"column":29},"end":{"line":111,"column":43}},{"start":{"line":111,"column":43},"end":{"line":111,"column":null}}],"line":111}},"s":{"0":0,"1":0,"2":0,"3":0,"4":0,"5":0,"6":0,"7":0,"8":0,"9":0,"10":0,"11":0,"12":0,"13":0,"14":0,"15":0,"16":0,"17":0,"18":0,"19":0,"20":0,"21":0,"22":0,"23":0,"24":0,"25":0,"26":0,"27":0,"28":0,"29":0},"f":{"0":0,"1":0,"2":0,"3":0,"4":0},"b":{"0":[0,0],"1":[0,0],"2":[0,0],"3":[0,0],"4":[0,0],"5":[0,0],"6":[0,0],"7":[0,0]},"meta":{"lastBranch":8,"lastFunction":5,"lastStatement":30,"seen":{"s:24:0:26:Infinity":0,"s:32:33:32:Infinity":1,"s:33:24:33:Infinity":2,"s:38:34:38:Infinity":3,"s:43:6:43:Infinity":4,"s:44:6:44:Infinity":5,"s:45:6:45:Infinity":6,"f:50:9:50:22":0,"s:51:2:51:Infinity":7,"f:57:9:57:24":1,"s:58:2:58:Infinity":8,"f:64:15:64:34":2,"s:65:2:65:Infinity":9,"s:66:2:66:Infinity":10,"s:67:2:67:Infinity":11,"s:69:2:114:Infinity":12,"s:70:20:73:Infinity":13,"s:76:26:76:Infinity":14,"s:77:32:80:Infinity":15,"s:81:29:87:Infinity":16,"b:82:15:82:40:82:40:82:Infinity":0,"b:84:12:84:36:84:36:84:Infinity":1,"b:85:12:85:42:85:42:85:Infinity":2,"b:89:4:95:Infinity:undefined:undefined:undefined:undefined":3,"s:89:4:95:Infinity":17,"s:90:6:93:Infinity":18,"b:91:8:93:25:93:25:93:Infinity":4,"f:92:16:92:17":3,"s:92:47:92:72":19,"s:94:6:94:Infinity":20,"s:98:19:98:Infinity":21,"b:100:4:108:Infinity:105:11:108:Infinity":5,"s:100:4:108:Infinity":22,"s:101:6:101:Infinity":23,"s:102:6:104:Infinity":24,"f:102:17:102:23":4,"s:103:8:103:Infinity":25,"s:106:6:107:Infinity":26,"b:107:43:107:58:107:58:107:Infinity":6,"s:110:4:111:Infinity":27,"b:111:29:111:43:111:43:111:Infinity":7,"s:113:4:113:Infinity":28,"s:2:7:2:Infinity":29}}}
,"/Users/ss/Documents/projects/taxmaro-front-end-assessment/app/plugins/vuetify.ts": {"path":"/Users/ss/Documents/projects/taxmaro-front-end-assessment/app/plugins/vuetify.ts","statementMap":{},"fnMap":{"0":{"name":"(anonymous_0)","decl":{"start":{"line":11,"column":32},"end":{"line":11,"column":38}},"loc":{"start":{"line":11,"column":38},"end":{"line":11,"column":40}},"line":11}},"branchMap":{},"s":{},"f":{"0":0},"b":{},"meta":{"lastBranch":0,"lastFunction":1,"lastStatement":0,"seen":{"f:11:32:11:38":0}}}
,"/Users/ss/Documents/projects/taxmaro-front-end-assessment/app/schemas/me.schema.ts": {"path":"/Users/ss/Documents/projects/taxmaro-front-end-assessment/app/schemas/me.schema.ts","statementMap":{"0":{"start":{"line":8,"column":24},"end":{"line":55,"column":null}}},"fnMap":{},"branchMap":{},"s":{"0":1},"f":{},"b":{},"meta":{"lastBranch":0,"lastFunction":0,"lastStatement":1,"seen":{"s:8:24:55:Infinity":0}}}
}
